27-Nov-2024 21:57:23.365 INFO [main] org.apache.catalina.startup.VersionLoggerListener.log Server version name:   Apache Tomcat/9.0.86
27-Nov-2024 21:57:23.371 INFO [main] org.apache.catalina.startup.VersionLoggerListener.log Server built:          Feb 14 2024 08:15:12 UTC
27-Nov-2024 21:57:23.372 INFO [main] org.apache.catalina.startup.VersionLoggerListener.log Server version number: 9.0.86.0
27-Nov-2024 21:57:23.372 INFO [main] org.apache.catalina.startup.VersionLoggerListener.log OS Name:               Windows 11
27-Nov-2024 21:57:23.372 INFO [main] org.apache.catalina.startup.VersionLoggerListener.log OS Version:            10.0
27-Nov-2024 21:57:23.372 INFO [main] org.apache.catalina.startup.VersionLoggerListener.log Architecture:          amd64
27-Nov-2024 21:57:23.372 INFO [main] org.apache.catalina.startup.VersionLoggerListener.log Java Home:             C:\Program Files\Java\jdk-21
27-Nov-2024 21:57:23.372 INFO [main] org.apache.catalina.startup.VersionLoggerListener.log JVM Version:           21.0.1+12-LTS-29
27-Nov-2024 21:57:23.372 INFO [main] org.apache.catalina.startup.VersionLoggerListener.log JVM Vendor:            Oracle Corporation
27-Nov-2024 21:57:23.372 INFO [main] org.apache.catalina.startup.VersionLoggerListener.log CATALINA_BASE:         C:\Users\Admin\Downloads\TTCS\Another Project 26-11\ShirtStoreWebsite_16_1
27-Nov-2024 21:57:23.373 INFO [main] org.apache.catalina.startup.VersionLoggerListener.log CATALINA_HOME:         C:\Users\Admin\Downloads\ApacheTomcat\apache-tomcat-9.0.86
27-Nov-2024 21:57:23.381 INFO [main] org.apache.catalina.startup.VersionLoggerListener.log Command line argument: --add-opens=java.base/java.lang=ALL-UNNAMED
27-Nov-2024 21:57:23.381 INFO [main] org.apache.catalina.startup.VersionLoggerListener.log Command line argument: --add-opens=java.base/java.io=ALL-UNNAMED
27-Nov-2024 21:57:23.381 INFO [main] org.apache.catalina.startup.VersionLoggerListener.log Command line argument: --add-opens=java.base/java.util=ALL-UNNAMED
27-Nov-2024 21:57:23.381 INFO [main] org.apache.catalina.startup.VersionLoggerListener.log Command line argument: --add-opens=java.base/java.util.concurrent=ALL-UNNAMED
27-Nov-2024 21:57:23.381 INFO [main] org.apache.catalina.startup.VersionLoggerListener.log Command line argument: --add-opens=java.rmi/sun.rmi.transport=ALL-UNNAMED
27-Nov-2024 21:57:23.381 INFO [main] org.apache.catalina.startup.VersionLoggerListener.log Command line argument: -Dcatalina.home=C:\Users\Admin\Downloads\ApacheTomcat\apache-tomcat-9.0.86
27-Nov-2024 21:57:23.381 INFO [main] org.apache.catalina.startup.VersionLoggerListener.log Command line argument: -Dcatalina.base=C:\Users\Admin\Downloads\TTCS\Another Project 26-11\ShirtStoreWebsite_16_1
27-Nov-2024 21:57:23.381 INFO [main] org.apache.catalina.startup.VersionLoggerListener.log Command line argument: -Djava.io.tmpdir=C:\Users\Admin\Downloads\TTCS\Another Project 26-11\ShirtStoreWebsite_16_1\temp
27-Nov-2024 21:57:23.381 INFO [main] org.apache.catalina.startup.VersionLoggerListener.log Command line argument: -Djava.util.logging.config.file=C:\Users\Admin\Downloads\TTCS\Another Project 26-11\ShirtStoreWebsite_16_1\conf\logging.properties
27-Nov-2024 21:57:23.382 INFO [main] org.apache.catalina.startup.VersionLoggerListener.log Command line argument: -Djava.util.logging.manager=org.apache.juli.ClassLoaderLogManager
27-Nov-2024 21:57:23.382 INFO [main] org.apache.catalina.startup.VersionLoggerListener.log Command line argument: -javaagent:C:\Program Files\JetBrains\IntelliJ IDEA 2024.2.3\lib\idea_rt.jar=58615:C:\Program Files\JetBrains\IntelliJ IDEA 2024.2.3\bin
27-Nov-2024 21:57:23.382 INFO [main] org.apache.catalina.startup.VersionLoggerListener.log Command line argument: -Dfile.encoding=UTF-8
27-Nov-2024 21:57:23.382 INFO [main] org.apache.catalina.startup.VersionLoggerListener.log Command line argument: -Dsun.stdout.encoding=UTF-8
27-Nov-2024 21:57:23.382 INFO [main] org.apache.catalina.startup.VersionLoggerListener.log Command line argument: -Dsun.stderr.encoding=UTF-8
27-Nov-2024 21:57:23.394 INFO [main] org.apache.catalina.core.AprLifecycleListener.lifecycleEvent The Apache Tomcat Native library which allows using OpenSSL was not found on the java.library.path: [C:\Program Files\Java\jdk-21\bin;C:\WINDOWS\Sun\Java\bin;C:\WINDOWS\system32;C:\WINDOWS;C:\Program Files\Common Files\Oracle\Java\javapath;C:\Program Files (x86)\Common Files\Oracle\Java\javapath;C:\Windows\system32;C:\Windows;C:\Windows\System32\Wbem;C:\Windows\System32\WindowsPowerShell\v1.0\;C:\Windows\System32\OpenSSH\;C:\WINDOWS\system32;C:\WINDOWS;C:\WINDOWS\System32\Wbem;C:\WINDOWS\System32\WindowsPowerShell\v1.0\;C:\WINDOWS\System32\OpenSSH\;C:\Program Files\dotnet\;C:\Program Files (x86)\NVIDIA Corporation\PhysX\Common;C:\Program Files (x86)\Microsoft SQL Server\160\Tools\Binn\;C:\Program Files\Microsoft SQL Server\160\Tools\Binn\;C:\Program Files\Microsoft SQL Server\Client SDK\ODBC\170\Tools\Binn\;C:\Program Files\Microsoft SQL Server\160\DTS\Binn\;C:\Program Files (x86)\Microsoft SQL Server\160\DTS\Binn\;C:\Program Files\Azure Data Studio\bin;C:\Program Files\Microsoft SQL Server\130\Tools\Binn\;C:\Program Files\Java\jdk-21\bin;C:\Users\Admin\Downloads\LTW\apache-maven-3.9.6\bin;C:\Program Files\Java\jdk-21\bin;C:\Program Files\NVIDIA Corporation\NVIDIA app\NvDLISR;C:\Users\Admin\AppData\Local\Programs\Python\Python312\Scripts\;C:\Users\Admin\AppData\Local\Programs\Python\Python312\;C:\Users\Admin\AppData\Local\Programs\Python\Launcher\;C:\Users\Admin\AppData\Local\Microsoft\WindowsApps;C:\Users\Admin\.dotnet\tools;C:\Program Files\Azure Data Studio\bin;C:\Program Files\JetBrains\IntelliJ IDEA 2024.2.3\bin;;.]
27-Nov-2024 21:57:23.794 INFO [main] org.apache.coyote.AbstractProtocol.init Initializing ProtocolHandler ["http-nio-9999"]
27-Nov-2024 21:57:23.810 INFO [main] org.apache.catalina.startup.Catalina.load Server initialization in [740] milliseconds
27-Nov-2024 21:57:23.872 INFO [main] org.apache.catalina.core.StandardService.startInternal Starting service [Catalina]
27-Nov-2024 21:57:23.873 INFO [main] org.apache.catalina.core.StandardEngine.startInternal Starting Servlet engine: [Apache Tomcat/9.0.86]
27-Nov-2024 21:57:23.889 INFO [main] org.apache.catalina.startup.HostConfig.deployDescriptor Deploying deployment descriptor [C:\Users\Admin\Downloads\TTCS\Another Project 26-11\ShirtStoreWebsite_16_1\conf\Catalina\localhost\ShirtStoreWebsite.xml]
27-Nov-2024 21:57:24.177 WARNING [main] org.apache.tomcat.util.descriptor.web.WebXml.setVersion Unknown version string [5.0]. Default version will be used.
27-Nov-2024 21:57:26.348 INFO [main] org.apache.jasper.servlet.TldScanner.scanJars At least one JAR was scanned for TLDs yet contained no TLDs. Enable debug logging for this logger for a complete list of JARs that were scanned but no TLDs were found in them. Skipping unneeded JARs during scanning can improve startup time and JSP compilation time.
27-Nov-2024 21:57:26.633 INFO [main] org.hibernate.jpa.internal.util.LogHelper.logPersistenceUnitInformation HHH000204: Processing PersistenceUnitInfo [name: ShirtStoreWebsite]
27-Nov-2024 21:57:26.811 INFO [main] org.hibernate.Version.logVersion HHH000412: Hibernate ORM core version 5.6.15.Final
27-Nov-2024 21:57:27.262 INFO [main] org.hibernate.annotations.common.reflection.java.JavaReflectionManager.<clinit> HCANN000001: Hibernate Commons Annotations {5.1.2.Final}
27-Nov-2024 21:57:27.766 INFO [main] org.hibernate.c3p0.internal.C3P0ConnectionProvider.configure HHH010002: C3P0 using driver: com.mysql.jdbc.Driver at URL: jdbc:mysql://localhost:3306/shirtstoredb?useSSL=false
27-Nov-2024 21:57:27.766 INFO [main] org.hibernate.c3p0.internal.C3P0ConnectionProvider.configure HHH10001001: Connection properties: {password=****, user=root}
27-Nov-2024 21:57:27.766 INFO [main] org.hibernate.c3p0.internal.C3P0ConnectionProvider.configure HHH10001003: Autocommit mode: false
27-Nov-2024 21:57:27.825 INFO [MLog-Init-Reporter] com.mchange.v2.log.MLog. MLog clients using java 1.4+ standard logging.
27-Nov-2024 21:57:27.969 INFO [main] com.mchange.v2.c3p0.C3P0Registry. Initializing c3p0-0.9.5.5 [built 11-December-2019 22:18:33 -0800; debug? true; trace: 10]
27-Nov-2024 21:57:28.090 INFO [main] org.hibernate.c3p0.internal.C3P0ConnectionProvider.configure HHH10001007: JDBC isolation level: <unknown>
27-Nov-2024 21:57:28.130 INFO [main] com.mchange.v2.c3p0.impl.AbstractPoolBackedDataSource. Initializing c3p0 pool... com.mchange.v2.c3p0.PoolBackedDataSource@fdc962a8 [ connectionPoolDataSource -> com.mchange.v2.c3p0.WrapperConnectionPoolDataSource@c8d150d4 [ acquireIncrement -> 3, acquireRetryAttempts -> 30, acquireRetryDelay -> 1000, autoCommitOnClose -> false, automaticTestTable -> null, breakAfterAcquireFailure -> false, checkoutTimeout -> 0, connectionCustomizerClassName -> null, connectionTesterClassName -> com.mchange.v2.c3p0.impl.DefaultConnectionTester, contextClassLoaderSource -> caller, debugUnreturnedConnectionStackTraces -> false, factoryClassLocation -> null, forceIgnoreUnresolvedTransactions -> false, forceSynchronousCheckins -> false, identityToken -> 7de3rpb7uk12lib4m4o5|549404e7, idleConnectionTestPeriod -> 0, initialPoolSize -> 3, maxAdministrativeTaskTime -> 0, maxConnectionAge -> 0, maxIdleTime -> 0, maxIdleTimeExcessConnections -> 0, maxPoolSize -> 15, maxStatements -> 0, maxStatementsPerConnection -> 0, minPoolSize -> 3, nestedDataSource -> com.mchange.v2.c3p0.DriverManagerDataSource@fd072d03 [ description -> null, driverClass -> null, factoryClassLocation -> null, forceUseNamedDriverClass -> false, identityToken -> 7de3rpb7uk12lib4m4o5|3777fc44, jdbcUrl -> jdbc:mysql://localhost:3306/shirtstoredb?useSSL=false, properties -> {password=******, user=******} ], preferredTestQuery -> null, privilegeSpawnedThreads -> false, propertyCycle -> 0, statementCacheNumDeferredCloseThreads -> 0, testConnectionOnCheckin -> false, testConnectionOnCheckout -> false, unreturnedConnectionTimeout -> 0, usesTraditionalReflectiveProxies -> false; userOverrides: {} ], dataSourceName -> null, extensions -> {}, factoryClassLocation -> null, identityToken -> 7de3rpb7uk12lib4m4o5|66576bd2, numHelperThreads -> 3 ]
27-Nov-2024 21:57:28.551 INFO [main] org.hibernate.dialect.Dialect.<init> HHH000400: Using dialect: org.hibernate.dialect.MySQL8Dialect
27-Nov-2024 21:57:30.299 INFO [main] org.hibernate.engine.transaction.jta.platform.internal.JtaPlatformInitiator.initiateService HHH000490: Using JtaPlatform implementation: [org.hibernate.engine.transaction.jta.platform.internal.NoJtaPlatform]
27-Nov-2024 21:57:30.620 INFO [main] org.apache.catalina.startup.HostConfig.deployDescriptor Deployment of deployment descriptor [C:\Users\Admin\Downloads\TTCS\Another Project 26-11\ShirtStoreWebsite_16_1\conf\Catalina\localhost\ShirtStoreWebsite.xml] has finished in [6,730] ms
27-Nov-2024 21:57:30.623 INFO [main] org.apache.coyote.AbstractProtocol.start Starting ProtocolHandler ["http-nio-9999"]
27-Nov-2024 21:57:30.639 INFO [main] org.apache.catalina.startup.Catalina.start Server startup in [6826] milliseconds
27-Nov-2024 22:24:13.648 INFO [Thread-5] org.apache.coyote.AbstractProtocol.pause Pausing ProtocolHandler ["http-nio-9999"]
27-Nov-2024 22:24:13.651 INFO [Thread-5] org.apache.catalina.core.StandardService.stopInternal Stopping service [Catalina]
27-Nov-2024 22:24:13.666 WARNING [Thread-5] org.apache.catalina.loader.WebappClassLoaderBase.clearReferencesJdbc The web application [ShirtStoreWebsite] registered the JDBC driver [com.mysql.cj.jdbc.Driver] but failed to unregister it when the web application was stopped. To prevent a memory leak, the JDBC Driver has been forcibly unregistered.
27-Nov-2024 22:24:13.666 WARNING [Thread-5] org.apache.catalina.loader.WebappClassLoaderBase.clearReferencesThreads The web application [ShirtStoreWebsite] appears to have started a thread named [mysql-cj-abandoned-connection-cleanup] but has failed to stop it. This is very likely to create a memory leak. Stack trace of thread:
 java.base/jdk.internal.misc.Unsafe.park(Native Method)
 java.base/java.util.concurrent.locks.LockSupport.parkNanos(LockSupport.java:269)
 java.base/java.util.concurrent.locks.AbstractQueuedSynchronizer$ConditionObject.await(AbstractQueuedSynchronizer.java:1847)
 java.base/java.lang.ref.ReferenceQueue.await(ReferenceQueue.java:71)
 java.base/java.lang.ref.ReferenceQueue.remove0(ReferenceQueue.java:143)
 java.base/java.lang.ref.ReferenceQueue.remove(ReferenceQueue.java:218)
 com.mysql.cj.jdbc.AbandonedConnectionCleanupThread.run(AbandonedConnectionCleanupThread.java:93)
 java.base/java.util.concurrent.ThreadPoolExecutor.runWorker(ThreadPoolExecutor.java:1144)
 java.base/java.util.concurrent.ThreadPoolExecutor$Worker.run(ThreadPoolExecutor.java:642)
 java.base/java.lang.Thread.run(Thread.java:1583)
27-Nov-2024 22:24:13.666 WARNING [Thread-5] org.apache.catalina.loader.WebappClassLoaderBase.clearReferencesThreads The web application [ShirtStoreWebsite] appears to have started a thread named [C3P0PooledConnectionPoolManager[identityToken->7de3rpb7uk12lib4m4o5|66576bd2]-AdminTaskTimer] but has failed to stop it. This is very likely to create a memory leak. Stack trace of thread:
 java.base/java.lang.Object.wait0(Native Method)
 java.base/java.lang.Object.wait(Object.java:366)
 java.base/java.util.TimerThread.mainLoop(Timer.java:563)
 java.base/java.util.TimerThread.run(Timer.java:516)
27-Nov-2024 22:24:13.666 WARNING [Thread-5] org.apache.catalina.loader.WebappClassLoaderBase.clearReferencesThreads The web application [ShirtStoreWebsite] appears to have started a thread named [C3P0PooledConnectionPoolManager[identityToken->7de3rpb7uk12lib4m4o5|66576bd2]-HelperThread-#0] but has failed to stop it. This is very likely to create a memory leak. Stack trace of thread:
 java.base/java.lang.Object.wait0(Native Method)
 java.base/java.lang.Object.wait(Object.java:366)
 com.mchange.v2.async.ThreadPoolAsynchronousRunner$PoolThread.run(ThreadPoolAsynchronousRunner.java:683)
27-Nov-2024 22:24:13.667 WARNING [Thread-5] org.apache.catalina.loader.WebappClassLoaderBase.clearReferencesThreads The web application [ShirtStoreWebsite] appears to have started a thread named [C3P0PooledConnectionPoolManager[identityToken->7de3rpb7uk12lib4m4o5|66576bd2]-HelperThread-#1] but has failed to stop it. This is very likely to create a memory leak. Stack trace of thread:
 java.base/java.lang.Object.wait0(Native Method)
 java.base/java.lang.Object.wait(Object.java:366)
 com.mchange.v2.async.ThreadPoolAsynchronousRunner$PoolThread.run(ThreadPoolAsynchronousRunner.java:683)
27-Nov-2024 22:24:13.667 WARNING [Thread-5] org.apache.catalina.loader.WebappClassLoaderBase.clearReferencesThreads The web application [ShirtStoreWebsite] appears to have started a thread named [C3P0PooledConnectionPoolManager[identityToken->7de3rpb7uk12lib4m4o5|66576bd2]-HelperThread-#2] but has failed to stop it. This is very likely to create a memory leak. Stack trace of thread:
 java.base/java.lang.Object.wait0(Native Method)
 java.base/java.lang.Object.wait(Object.java:366)
 com.mchange.v2.async.ThreadPoolAsynchronousRunner$PoolThread.run(ThreadPoolAsynchronousRunner.java:683)
27-Nov-2024 22:24:13.672 INFO [Thread-5] org.apache.coyote.AbstractProtocol.stop Stopping ProtocolHandler ["http-nio-9999"]
27-Nov-2024 22:24:13.686 INFO [Thread-5] org.apache.coyote.AbstractProtocol.destroy Destroying ProtocolHandler ["http-nio-9999"]
