02-Dec-2024 10:02:18.268 SEVERE [http-nio-9999-exec-4] org.apache.catalina.core.StandardWrapperValve.invoke Servlet.service() for servlet [com.shirtstore.controller.frontend.order.PlaceOrderServlet] in context with path [/ShirtStoreWebsite] threw exception [Error in authorizing payment.] with root cause
	javax.servlet.ServletException: Error in authorizing payment.
		at com.shirtstore.service.PaymentServices.authorizePayment(PaymentServices.java:81)
		at com.shirtstore.service.OrderServices.placeOrder(OrderServices.java:191)
		at com.shirtstore.controller.frontend.order.PlaceOrderServlet.doPost(PlaceOrderServlet.java:25)
		at javax.servlet.http.HttpServlet.service(HttpServlet.java:555)
		at javax.servlet.http.HttpServlet.service(HttpServlet.java:623)
		at org.apache.catalina.core.ApplicationFilterChain.internalDoFilter(ApplicationFilterChain.java:209)
		at org.apache.catalina.core.ApplicationFilterChain.doFilter(ApplicationFilterChain.java:153)
		at org.apache.tomcat.websocket.server.WsFilter.doFilter(WsFilter.java:51)
		at org.apache.catalina.core.ApplicationFilterChain.internalDoFilter(ApplicationFilterChain.java:178)
		at org.apache.catalina.core.ApplicationFilterChain.doFilter(ApplicationFilterChain.java:153)
		at com.shirtstore.controller.frontend.CustomerLoginFilter.doFilter(CustomerLoginFilter.java:68)
		at org.apache.catalina.core.ApplicationFilterChain.internalDoFilter(ApplicationFilterChain.java:178)
		at org.apache.catalina.core.ApplicationFilterChain.doFilter(ApplicationFilterChain.java:153)
		at com.shirtstore.controller.frontend.CommonFilter.doFilter(CommonFilter.java:43)
		at org.apache.catalina.core.ApplicationFilterChain.internalDoFilter(ApplicationFilterChain.java:178)
		at org.apache.catalina.core.ApplicationFilterChain.doFilter(ApplicationFilterChain.java:153)
		at org.apache.catalina.core.StandardWrapperValve.invoke(StandardWrapperValve.java:168)
		at org.apache.catalina.core.StandardContextValve.invoke(StandardContextValve.java:90)
		at org.apache.catalina.authenticator.AuthenticatorBase.invoke(AuthenticatorBase.java:481)
		at org.apache.catalina.core.StandardHostValve.invoke(StandardHostValve.java:130)
		at org.apache.catalina.valves.ErrorReportValve.invoke(ErrorReportValve.java:93)
		at org.apache.catalina.valves.AbstractAccessLogValve.invoke(AbstractAccessLogValve.java:670)
		at org.apache.catalina.core.StandardEngineValve.invoke(StandardEngineValve.java:74)
		at org.apache.catalina.connector.CoyoteAdapter.service(CoyoteAdapter.java:346)
		at org.apache.coyote.http11.Http11Processor.service(Http11Processor.java:390)
		at org.apache.coyote.AbstractProcessorLight.process(AbstractProcessorLight.java:63)
		at org.apache.coyote.AbstractProtocol$ConnectionHandler.process(AbstractProtocol.java:928)
		at org.apache.tomcat.util.net.NioEndpoint$SocketProcessor.doRun(NioEndpoint.java:1794)
		at org.apache.tomcat.util.net.SocketProcessorBase.run(SocketProcessorBase.java:52)
		at org.apache.tomcat.util.threads.ThreadPoolExecutor.runWorker(ThreadPoolExecutor.java:1191)
		at org.apache.tomcat.util.threads.ThreadPoolExecutor$Worker.run(ThreadPoolExecutor.java:659)
		at org.apache.tomcat.util.threads.TaskThread$WrappingRunnable.run(TaskThread.java:63)
		at java.base/java.lang.Thread.run(Thread.java:1583)
02-Dec-2024 10:10:01.284 SEVERE [http-nio-9999-exec-8] org.apache.catalina.core.ApplicationDispatcher.invoke Servlet.service() for servlet [jsp] threw exception
	java.lang.NumberFormatException: For input string: "1,53"
		at java.base/java.lang.NumberFormatException.forInputString(NumberFormatException.java:67)
		at java.base/java.lang.Long.parseLong(Long.java:708)
		at java.base/java.lang.Long.valueOf(Long.java:1156)
		at org.apache.taglibs.standard.tag.common.fmt.FormatNumberSupport.doEndTag(FormatNumberSupport.java:166)
		at org.apache.jsp.frontend.checkout_jsp._jspx_meth_fmt_005fformatNumber_005f4(checkout_jsp.java:1513)
		at org.apache.jsp.frontend.checkout_jsp._jspx_meth_c_005fif_005f4(checkout_jsp.java:1073)
		at org.apache.jsp.frontend.checkout_jsp._jspService(checkout_jsp.java:295)
		at org.apache.jasper.runtime.HttpJspBase.service(HttpJspBase.java:70)
		at javax.servlet.http.HttpServlet.service(HttpServlet.java:623)
		at org.apache.jasper.servlet.JspServletWrapper.service(JspServletWrapper.java:466)
		at org.apache.jasper.servlet.JspServlet.serviceJspFile(JspServlet.java:379)
		at org.apache.jasper.servlet.JspServlet.service(JspServlet.java:327)
		at javax.servlet.http.HttpServlet.service(HttpServlet.java:623)
		at org.apache.catalina.core.ApplicationFilterChain.internalDoFilter(ApplicationFilterChain.java:209)
		at org.apache.catalina.core.ApplicationFilterChain.doFilter(ApplicationFilterChain.java:153)
		at org.apache.tomcat.websocket.server.WsFilter.doFilter(WsFilter.java:51)
		at org.apache.catalina.core.ApplicationFilterChain.internalDoFilter(ApplicationFilterChain.java:178)
		at org.apache.catalina.core.ApplicationFilterChain.doFilter(ApplicationFilterChain.java:153)
		at org.apache.catalina.core.ApplicationDispatcher.invoke(ApplicationDispatcher.java:661)
		at org.apache.catalina.core.ApplicationDispatcher.processRequest(ApplicationDispatcher.java:425)
		at org.apache.catalina.core.ApplicationDispatcher.doForward(ApplicationDispatcher.java:357)
		at org.apache.catalina.core.ApplicationDispatcher.forward(ApplicationDispatcher.java:294)
		at com.shirtstore.service.OrderServices.showCheckOutForm(OrderServices.java:141)
		at com.shirtstore.controller.frontend.order.CheckOutServlet.doGet(CheckOutServlet.java:26)
		at javax.servlet.http.HttpServlet.service(HttpServlet.java:529)
		at javax.servlet.http.HttpServlet.service(HttpServlet.java:623)
		at org.apache.catalina.core.ApplicationFilterChain.internalDoFilter(ApplicationFilterChain.java:209)
		at org.apache.catalina.core.ApplicationFilterChain.doFilter(ApplicationFilterChain.java:153)
		at org.apache.tomcat.websocket.server.WsFilter.doFilter(WsFilter.java:51)
		at org.apache.catalina.core.ApplicationFilterChain.internalDoFilter(ApplicationFilterChain.java:178)
		at org.apache.catalina.core.ApplicationFilterChain.doFilter(ApplicationFilterChain.java:153)
		at com.shirtstore.controller.frontend.CustomerLoginFilter.doFilter(CustomerLoginFilter.java:68)
		at org.apache.catalina.core.ApplicationFilterChain.internalDoFilter(ApplicationFilterChain.java:178)
		at org.apache.catalina.core.ApplicationFilterChain.doFilter(ApplicationFilterChain.java:153)
		at com.shirtstore.controller.frontend.CommonFilter.doFilter(CommonFilter.java:43)
		at org.apache.catalina.core.ApplicationFilterChain.internalDoFilter(ApplicationFilterChain.java:178)
		at org.apache.catalina.core.ApplicationFilterChain.doFilter(ApplicationFilterChain.java:153)
		at org.apache.catalina.core.StandardWrapperValve.invoke(StandardWrapperValve.java:168)
		at org.apache.catalina.core.StandardContextValve.invoke(StandardContextValve.java:90)
		at org.apache.catalina.authenticator.AuthenticatorBase.invoke(AuthenticatorBase.java:481)
		at org.apache.catalina.core.StandardHostValve.invoke(StandardHostValve.java:130)
		at org.apache.catalina.valves.ErrorReportValve.invoke(ErrorReportValve.java:93)
		at org.apache.catalina.valves.AbstractAccessLogValve.invoke(AbstractAccessLogValve.java:670)
		at org.apache.catalina.core.StandardEngineValve.invoke(StandardEngineValve.java:74)
		at org.apache.catalina.connector.CoyoteAdapter.service(CoyoteAdapter.java:346)
		at org.apache.coyote.http11.Http11Processor.service(Http11Processor.java:390)
		at org.apache.coyote.AbstractProcessorLight.process(AbstractProcessorLight.java:63)
		at org.apache.coyote.AbstractProtocol$ConnectionHandler.process(AbstractProtocol.java:928)
		at org.apache.tomcat.util.net.NioEndpoint$SocketProcessor.doRun(NioEndpoint.java:1794)
		at org.apache.tomcat.util.net.SocketProcessorBase.run(SocketProcessorBase.java:52)
		at org.apache.tomcat.util.threads.ThreadPoolExecutor.runWorker(ThreadPoolExecutor.java:1191)
		at org.apache.tomcat.util.threads.ThreadPoolExecutor$Worker.run(ThreadPoolExecutor.java:659)
		at org.apache.tomcat.util.threads.TaskThread$WrappingRunnable.run(TaskThread.java:63)
		at java.base/java.lang.Thread.run(Thread.java:1583)
02-Dec-2024 10:10:01.284 SEVERE [http-nio-9999-exec-8] org.apache.catalina.core.StandardWrapperValve.invoke Servlet.service() for servlet [com.shirtstore.controller.frontend.order.CheckOutServlet] in context with path [/ShirtStoreWebsite] threw exception [An exception occurred processing [/frontend/checkout.jsp] at line [105]

102:                             <p><b>Subtotal: </b><fmt:formatNumber value="${cart.totalAmount}" type="currency" /></p>
103:                             <p><b>Tax: </b><fmt:formatNumber value="${tax}" type="currency" /></p>
104:                             <p><b>Shipping fee: </b><fmt:formatNumber value="${shippingFee}" type="currency" /></p>
105: 
106:                                 <%--Discount Display Section--%>
107:                             <p><b>Shipping Discount: </b>
108:                                 <span id="shippingDiscountPrice"><fmt:formatNumber value="0" type="currency"/></span>


Stacktrace:] with root cause
	java.lang.NumberFormatException: For input string: "1,53"
		at java.base/java.lang.NumberFormatException.forInputString(NumberFormatException.java:67)
		at java.base/java.lang.Long.parseLong(Long.java:708)
		at java.base/java.lang.Long.valueOf(Long.java:1156)
		at org.apache.taglibs.standard.tag.common.fmt.FormatNumberSupport.doEndTag(FormatNumberSupport.java:166)
		at org.apache.jsp.frontend.checkout_jsp._jspx_meth_fmt_005fformatNumber_005f4(checkout_jsp.java:1513)
		at org.apache.jsp.frontend.checkout_jsp._jspx_meth_c_005fif_005f4(checkout_jsp.java:1073)
		at org.apache.jsp.frontend.checkout_jsp._jspService(checkout_jsp.java:295)
		at org.apache.jasper.runtime.HttpJspBase.service(HttpJspBase.java:70)
		at javax.servlet.http.HttpServlet.service(HttpServlet.java:623)
		at org.apache.jasper.servlet.JspServletWrapper.service(JspServletWrapper.java:466)
		at org.apache.jasper.servlet.JspServlet.serviceJspFile(JspServlet.java:379)
		at org.apache.jasper.servlet.JspServlet.service(JspServlet.java:327)
		at javax.servlet.http.HttpServlet.service(HttpServlet.java:623)
		at org.apache.catalina.core.ApplicationFilterChain.internalDoFilter(ApplicationFilterChain.java:209)
		at org.apache.catalina.core.ApplicationFilterChain.doFilter(ApplicationFilterChain.java:153)
		at org.apache.tomcat.websocket.server.WsFilter.doFilter(WsFilter.java:51)
		at org.apache.catalina.core.ApplicationFilterChain.internalDoFilter(ApplicationFilterChain.java:178)
		at org.apache.catalina.core.ApplicationFilterChain.doFilter(ApplicationFilterChain.java:153)
		at org.apache.catalina.core.ApplicationDispatcher.invoke(ApplicationDispatcher.java:661)
		at org.apache.catalina.core.ApplicationDispatcher.processRequest(ApplicationDispatcher.java:425)
		at org.apache.catalina.core.ApplicationDispatcher.doForward(ApplicationDispatcher.java:357)
		at org.apache.catalina.core.ApplicationDispatcher.forward(ApplicationDispatcher.java:294)
		at com.shirtstore.service.OrderServices.showCheckOutForm(OrderServices.java:141)
		at com.shirtstore.controller.frontend.order.CheckOutServlet.doGet(CheckOutServlet.java:26)
		at javax.servlet.http.HttpServlet.service(HttpServlet.java:529)
		at javax.servlet.http.HttpServlet.service(HttpServlet.java:623)
		at org.apache.catalina.core.ApplicationFilterChain.internalDoFilter(ApplicationFilterChain.java:209)
		at org.apache.catalina.core.ApplicationFilterChain.doFilter(ApplicationFilterChain.java:153)
		at org.apache.tomcat.websocket.server.WsFilter.doFilter(WsFilter.java:51)
		at org.apache.catalina.core.ApplicationFilterChain.internalDoFilter(ApplicationFilterChain.java:178)
		at org.apache.catalina.core.ApplicationFilterChain.doFilter(ApplicationFilterChain.java:153)
		at com.shirtstore.controller.frontend.CustomerLoginFilter.doFilter(CustomerLoginFilter.java:68)
		at org.apache.catalina.core.ApplicationFilterChain.internalDoFilter(ApplicationFilterChain.java:178)
		at org.apache.catalina.core.ApplicationFilterChain.doFilter(ApplicationFilterChain.java:153)
		at com.shirtstore.controller.frontend.CommonFilter.doFilter(CommonFilter.java:43)
		at org.apache.catalina.core.ApplicationFilterChain.internalDoFilter(ApplicationFilterChain.java:178)
		at org.apache.catalina.core.ApplicationFilterChain.doFilter(ApplicationFilterChain.java:153)
		at org.apache.catalina.core.StandardWrapperValve.invoke(StandardWrapperValve.java:168)
		at org.apache.catalina.core.StandardContextValve.invoke(StandardContextValve.java:90)
		at org.apache.catalina.authenticator.AuthenticatorBase.invoke(AuthenticatorBase.java:481)
		at org.apache.catalina.core.StandardHostValve.invoke(StandardHostValve.java:130)
		at org.apache.catalina.valves.ErrorReportValve.invoke(ErrorReportValve.java:93)
		at org.apache.catalina.valves.AbstractAccessLogValve.invoke(AbstractAccessLogValve.java:670)
		at org.apache.catalina.core.StandardEngineValve.invoke(StandardEngineValve.java:74)
		at org.apache.catalina.connector.CoyoteAdapter.service(CoyoteAdapter.java:346)
		at org.apache.coyote.http11.Http11Processor.service(Http11Processor.java:390)
		at org.apache.coyote.AbstractProcessorLight.process(AbstractProcessorLight.java:63)
		at org.apache.coyote.AbstractProtocol$ConnectionHandler.process(AbstractProtocol.java:928)
		at org.apache.tomcat.util.net.NioEndpoint$SocketProcessor.doRun(NioEndpoint.java:1794)
		at org.apache.tomcat.util.net.SocketProcessorBase.run(SocketProcessorBase.java:52)
		at org.apache.tomcat.util.threads.ThreadPoolExecutor.runWorker(ThreadPoolExecutor.java:1191)
		at org.apache.tomcat.util.threads.ThreadPoolExecutor$Worker.run(ThreadPoolExecutor.java:659)
		at org.apache.tomcat.util.threads.TaskThread$WrappingRunnable.run(TaskThread.java:63)
		at java.base/java.lang.Thread.run(Thread.java:1583)
02-Dec-2024 10:10:05.760 SEVERE [http-nio-9999-exec-1] org.apache.catalina.core.ApplicationDispatcher.invoke Servlet.service() for servlet [jsp] threw exception
	java.lang.NumberFormatException: For input string: "1,53"
		at java.base/java.lang.NumberFormatException.forInputString(NumberFormatException.java:67)
		at java.base/java.lang.Long.parseLong(Long.java:708)
		at java.base/java.lang.Long.valueOf(Long.java:1156)
		at org.apache.taglibs.standard.tag.common.fmt.FormatNumberSupport.doEndTag(FormatNumberSupport.java:166)
		at org.apache.jsp.frontend.checkout_jsp._jspx_meth_fmt_005fformatNumber_005f4(checkout_jsp.java:1513)
		at org.apache.jsp.frontend.checkout_jsp._jspx_meth_c_005fif_005f4(checkout_jsp.java:1073)
		at org.apache.jsp.frontend.checkout_jsp._jspService(checkout_jsp.java:295)
		at org.apache.jasper.runtime.HttpJspBase.service(HttpJspBase.java:70)
		at javax.servlet.http.HttpServlet.service(HttpServlet.java:623)
		at org.apache.jasper.servlet.JspServletWrapper.service(JspServletWrapper.java:466)
		at org.apache.jasper.servlet.JspServlet.serviceJspFile(JspServlet.java:379)
		at org.apache.jasper.servlet.JspServlet.service(JspServlet.java:327)
		at javax.servlet.http.HttpServlet.service(HttpServlet.java:623)
		at org.apache.catalina.core.ApplicationFilterChain.internalDoFilter(ApplicationFilterChain.java:209)
		at org.apache.catalina.core.ApplicationFilterChain.doFilter(ApplicationFilterChain.java:153)
		at org.apache.tomcat.websocket.server.WsFilter.doFilter(WsFilter.java:51)
		at org.apache.catalina.core.ApplicationFilterChain.internalDoFilter(ApplicationFilterChain.java:178)
		at org.apache.catalina.core.ApplicationFilterChain.doFilter(ApplicationFilterChain.java:153)
		at org.apache.catalina.core.ApplicationDispatcher.invoke(ApplicationDispatcher.java:661)
		at org.apache.catalina.core.ApplicationDispatcher.processRequest(ApplicationDispatcher.java:425)
		at org.apache.catalina.core.ApplicationDispatcher.doForward(ApplicationDispatcher.java:357)
		at org.apache.catalina.core.ApplicationDispatcher.forward(ApplicationDispatcher.java:294)
		at com.shirtstore.service.OrderServices.showCheckOutForm(OrderServices.java:141)
		at com.shirtstore.controller.frontend.order.CheckOutServlet.doGet(CheckOutServlet.java:26)
		at javax.servlet.http.HttpServlet.service(HttpServlet.java:529)
		at javax.servlet.http.HttpServlet.service(HttpServlet.java:623)
		at org.apache.catalina.core.ApplicationFilterChain.internalDoFilter(ApplicationFilterChain.java:209)
		at org.apache.catalina.core.ApplicationFilterChain.doFilter(ApplicationFilterChain.java:153)
		at org.apache.tomcat.websocket.server.WsFilter.doFilter(WsFilter.java:51)
		at org.apache.catalina.core.ApplicationFilterChain.internalDoFilter(ApplicationFilterChain.java:178)
		at org.apache.catalina.core.ApplicationFilterChain.doFilter(ApplicationFilterChain.java:153)
		at com.shirtstore.controller.frontend.CustomerLoginFilter.doFilter(CustomerLoginFilter.java:68)
		at org.apache.catalina.core.ApplicationFilterChain.internalDoFilter(ApplicationFilterChain.java:178)
		at org.apache.catalina.core.ApplicationFilterChain.doFilter(ApplicationFilterChain.java:153)
		at com.shirtstore.controller.frontend.CommonFilter.doFilter(CommonFilter.java:43)
		at org.apache.catalina.core.ApplicationFilterChain.internalDoFilter(ApplicationFilterChain.java:178)
		at org.apache.catalina.core.ApplicationFilterChain.doFilter(ApplicationFilterChain.java:153)
		at org.apache.catalina.core.StandardWrapperValve.invoke(StandardWrapperValve.java:168)
		at org.apache.catalina.core.StandardContextValve.invoke(StandardContextValve.java:90)
		at org.apache.catalina.authenticator.AuthenticatorBase.invoke(AuthenticatorBase.java:481)
		at org.apache.catalina.core.StandardHostValve.invoke(StandardHostValve.java:130)
		at org.apache.catalina.valves.ErrorReportValve.invoke(ErrorReportValve.java:93)
		at org.apache.catalina.valves.AbstractAccessLogValve.invoke(AbstractAccessLogValve.java:670)
		at org.apache.catalina.core.StandardEngineValve.invoke(StandardEngineValve.java:74)
		at org.apache.catalina.connector.CoyoteAdapter.service(CoyoteAdapter.java:346)
		at org.apache.coyote.http11.Http11Processor.service(Http11Processor.java:390)
		at org.apache.coyote.AbstractProcessorLight.process(AbstractProcessorLight.java:63)
		at org.apache.coyote.AbstractProtocol$ConnectionHandler.process(AbstractProtocol.java:928)
		at org.apache.tomcat.util.net.NioEndpoint$SocketProcessor.doRun(NioEndpoint.java:1794)
		at org.apache.tomcat.util.net.SocketProcessorBase.run(SocketProcessorBase.java:52)
		at org.apache.tomcat.util.threads.ThreadPoolExecutor.runWorker(ThreadPoolExecutor.java:1191)
		at org.apache.tomcat.util.threads.ThreadPoolExecutor$Worker.run(ThreadPoolExecutor.java:659)
		at org.apache.tomcat.util.threads.TaskThread$WrappingRunnable.run(TaskThread.java:63)
		at java.base/java.lang.Thread.run(Thread.java:1583)
02-Dec-2024 10:10:05.760 SEVERE [http-nio-9999-exec-1] org.apache.catalina.core.StandardWrapperValve.invoke Servlet.service() for servlet [com.shirtstore.controller.frontend.order.CheckOutServlet] in context with path [/ShirtStoreWebsite] threw exception [An exception occurred processing [/frontend/checkout.jsp] at line [105]

102:                             <p><b>Subtotal: </b><fmt:formatNumber value="${cart.totalAmount}" type="currency" /></p>
103:                             <p><b>Tax: </b><fmt:formatNumber value="${tax}" type="currency" /></p>
104:                             <p><b>Shipping fee: </b><fmt:formatNumber value="${shippingFee}" type="currency" /></p>
105: 
106:                                 <%--Discount Display Section--%>
107:                             <p><b>Shipping Discount: </b>
108:                                 <span id="shippingDiscountPrice"><fmt:formatNumber value="0" type="currency"/></span>


Stacktrace:] with root cause
	java.lang.NumberFormatException: For input string: "1,53"
		at java.base/java.lang.NumberFormatException.forInputString(NumberFormatException.java:67)
		at java.base/java.lang.Long.parseLong(Long.java:708)
		at java.base/java.lang.Long.valueOf(Long.java:1156)
		at org.apache.taglibs.standard.tag.common.fmt.FormatNumberSupport.doEndTag(FormatNumberSupport.java:166)
		at org.apache.jsp.frontend.checkout_jsp._jspx_meth_fmt_005fformatNumber_005f4(checkout_jsp.java:1513)
		at org.apache.jsp.frontend.checkout_jsp._jspx_meth_c_005fif_005f4(checkout_jsp.java:1073)
		at org.apache.jsp.frontend.checkout_jsp._jspService(checkout_jsp.java:295)
		at org.apache.jasper.runtime.HttpJspBase.service(HttpJspBase.java:70)
		at javax.servlet.http.HttpServlet.service(HttpServlet.java:623)
		at org.apache.jasper.servlet.JspServletWrapper.service(JspServletWrapper.java:466)
		at org.apache.jasper.servlet.JspServlet.serviceJspFile(JspServlet.java:379)
		at org.apache.jasper.servlet.JspServlet.service(JspServlet.java:327)
		at javax.servlet.http.HttpServlet.service(HttpServlet.java:623)
		at org.apache.catalina.core.ApplicationFilterChain.internalDoFilter(ApplicationFilterChain.java:209)
		at org.apache.catalina.core.ApplicationFilterChain.doFilter(ApplicationFilterChain.java:153)
		at org.apache.tomcat.websocket.server.WsFilter.doFilter(WsFilter.java:51)
		at org.apache.catalina.core.ApplicationFilterChain.internalDoFilter(ApplicationFilterChain.java:178)
		at org.apache.catalina.core.ApplicationFilterChain.doFilter(ApplicationFilterChain.java:153)
		at org.apache.catalina.core.ApplicationDispatcher.invoke(ApplicationDispatcher.java:661)
		at org.apache.catalina.core.ApplicationDispatcher.processRequest(ApplicationDispatcher.java:425)
		at org.apache.catalina.core.ApplicationDispatcher.doForward(ApplicationDispatcher.java:357)
		at org.apache.catalina.core.ApplicationDispatcher.forward(ApplicationDispatcher.java:294)
		at com.shirtstore.service.OrderServices.showCheckOutForm(OrderServices.java:141)
		at com.shirtstore.controller.frontend.order.CheckOutServlet.doGet(CheckOutServlet.java:26)
		at javax.servlet.http.HttpServlet.service(HttpServlet.java:529)
		at javax.servlet.http.HttpServlet.service(HttpServlet.java:623)
		at org.apache.catalina.core.ApplicationFilterChain.internalDoFilter(ApplicationFilterChain.java:209)
		at org.apache.catalina.core.ApplicationFilterChain.doFilter(ApplicationFilterChain.java:153)
		at org.apache.tomcat.websocket.server.WsFilter.doFilter(WsFilter.java:51)
		at org.apache.catalina.core.ApplicationFilterChain.internalDoFilter(ApplicationFilterChain.java:178)
		at org.apache.catalina.core.ApplicationFilterChain.doFilter(ApplicationFilterChain.java:153)
		at com.shirtstore.controller.frontend.CustomerLoginFilter.doFilter(CustomerLoginFilter.java:68)
		at org.apache.catalina.core.ApplicationFilterChain.internalDoFilter(ApplicationFilterChain.java:178)
		at org.apache.catalina.core.ApplicationFilterChain.doFilter(ApplicationFilterChain.java:153)
		at com.shirtstore.controller.frontend.CommonFilter.doFilter(CommonFilter.java:43)
		at org.apache.catalina.core.ApplicationFilterChain.internalDoFilter(ApplicationFilterChain.java:178)
		at org.apache.catalina.core.ApplicationFilterChain.doFilter(ApplicationFilterChain.java:153)
		at org.apache.catalina.core.StandardWrapperValve.invoke(StandardWrapperValve.java:168)
		at org.apache.catalina.core.StandardContextValve.invoke(StandardContextValve.java:90)
		at org.apache.catalina.authenticator.AuthenticatorBase.invoke(AuthenticatorBase.java:481)
		at org.apache.catalina.core.StandardHostValve.invoke(StandardHostValve.java:130)
		at org.apache.catalina.valves.ErrorReportValve.invoke(ErrorReportValve.java:93)
		at org.apache.catalina.valves.AbstractAccessLogValve.invoke(AbstractAccessLogValve.java:670)
		at org.apache.catalina.core.StandardEngineValve.invoke(StandardEngineValve.java:74)
		at org.apache.catalina.connector.CoyoteAdapter.service(CoyoteAdapter.java:346)
		at org.apache.coyote.http11.Http11Processor.service(Http11Processor.java:390)
		at org.apache.coyote.AbstractProcessorLight.process(AbstractProcessorLight.java:63)
		at org.apache.coyote.AbstractProtocol$ConnectionHandler.process(AbstractProtocol.java:928)
		at org.apache.tomcat.util.net.NioEndpoint$SocketProcessor.doRun(NioEndpoint.java:1794)
		at org.apache.tomcat.util.net.SocketProcessorBase.run(SocketProcessorBase.java:52)
		at org.apache.tomcat.util.threads.ThreadPoolExecutor.runWorker(ThreadPoolExecutor.java:1191)
		at org.apache.tomcat.util.threads.ThreadPoolExecutor$Worker.run(ThreadPoolExecutor.java:659)
		at org.apache.tomcat.util.threads.TaskThread$WrappingRunnable.run(TaskThread.java:63)
		at java.base/java.lang.Thread.run(Thread.java:1583)
02-Dec-2024 10:11:19.313 SEVERE [http-nio-9999-exec-8] org.apache.catalina.core.StandardWrapperValve.invoke Servlet.service() for servlet [com.shirtstore.controller.frontend.order.CheckOutServlet] in context with path [/ShirtStoreWebsite] threw exception
	java.lang.NumberFormatException: For input string: "1,53"
		at java.base/jdk.internal.math.FloatingDecimal.readJavaFormatString(FloatingDecimal.java:2054)
		at java.base/jdk.internal.math.FloatingDecimal.parseFloat(FloatingDecimal.java:122)
		at java.base/java.lang.Float.parseFloat(Float.java:556)
		at com.shirtstore.service.OrderServices.showCheckOutForm(OrderServices.java:132)
		at com.shirtstore.controller.frontend.order.CheckOutServlet.doGet(CheckOutServlet.java:26)
		at javax.servlet.http.HttpServlet.service(HttpServlet.java:529)
		at javax.servlet.http.HttpServlet.service(HttpServlet.java:623)
		at org.apache.catalina.core.ApplicationFilterChain.internalDoFilter(ApplicationFilterChain.java:209)
		at org.apache.catalina.core.ApplicationFilterChain.doFilter(ApplicationFilterChain.java:153)
		at org.apache.tomcat.websocket.server.WsFilter.doFilter(WsFilter.java:51)
		at org.apache.catalina.core.ApplicationFilterChain.internalDoFilter(ApplicationFilterChain.java:178)
		at org.apache.catalina.core.ApplicationFilterChain.doFilter(ApplicationFilterChain.java:153)
		at com.shirtstore.controller.frontend.CustomerLoginFilter.doFilter(CustomerLoginFilter.java:68)
		at org.apache.catalina.core.ApplicationFilterChain.internalDoFilter(ApplicationFilterChain.java:178)
		at org.apache.catalina.core.ApplicationFilterChain.doFilter(ApplicationFilterChain.java:153)
		at com.shirtstore.controller.frontend.CommonFilter.doFilter(CommonFilter.java:43)
		at org.apache.catalina.core.ApplicationFilterChain.internalDoFilter(ApplicationFilterChain.java:178)
		at org.apache.catalina.core.ApplicationFilterChain.doFilter(ApplicationFilterChain.java:153)
		at org.apache.catalina.core.StandardWrapperValve.invoke(StandardWrapperValve.java:168)
		at org.apache.catalina.core.StandardContextValve.invoke(StandardContextValve.java:90)
		at org.apache.catalina.authenticator.AuthenticatorBase.invoke(AuthenticatorBase.java:481)
		at org.apache.catalina.core.StandardHostValve.invoke(StandardHostValve.java:130)
		at org.apache.catalina.valves.ErrorReportValve.invoke(ErrorReportValve.java:93)
		at org.apache.catalina.valves.AbstractAccessLogValve.invoke(AbstractAccessLogValve.java:670)
		at org.apache.catalina.core.StandardEngineValve.invoke(StandardEngineValve.java:74)
		at org.apache.catalina.connector.CoyoteAdapter.service(CoyoteAdapter.java:346)
		at org.apache.coyote.http11.Http11Processor.service(Http11Processor.java:390)
		at org.apache.coyote.AbstractProcessorLight.process(AbstractProcessorLight.java:63)
		at org.apache.coyote.AbstractProtocol$ConnectionHandler.process(AbstractProtocol.java:928)
		at org.apache.tomcat.util.net.NioEndpoint$SocketProcessor.doRun(NioEndpoint.java:1794)
		at org.apache.tomcat.util.net.SocketProcessorBase.run(SocketProcessorBase.java:52)
		at org.apache.tomcat.util.threads.ThreadPoolExecutor.runWorker(ThreadPoolExecutor.java:1191)
		at org.apache.tomcat.util.threads.ThreadPoolExecutor$Worker.run(ThreadPoolExecutor.java:659)
		at org.apache.tomcat.util.threads.TaskThread$WrappingRunnable.run(TaskThread.java:63)
		at java.base/java.lang.Thread.run(Thread.java:1583)
02-Dec-2024 10:20:22.047 SEVERE [http-nio-9999-exec-3] org.apache.catalina.core.StandardWrapperValve.invoke Servlet.service() for servlet [com.shirtstore.controller.frontend.order.CheckOutServlet] in context with path [/ShirtStoreWebsite] threw exception
	java.lang.NumberFormatException: For input string: "1,53"
		at java.base/jdk.internal.math.FloatingDecimal.readJavaFormatString(FloatingDecimal.java:2054)
		at java.base/jdk.internal.math.FloatingDecimal.parseFloat(FloatingDecimal.java:122)
		at java.base/java.lang.Float.parseFloat(Float.java:556)
		at com.shirtstore.service.OrderServices.showCheckOutForm(OrderServices.java:117)
		at com.shirtstore.controller.frontend.order.CheckOutServlet.doGet(CheckOutServlet.java:26)
		at javax.servlet.http.HttpServlet.service(HttpServlet.java:529)
		at javax.servlet.http.HttpServlet.service(HttpServlet.java:623)
		at org.apache.catalina.core.ApplicationFilterChain.internalDoFilter(ApplicationFilterChain.java:209)
		at org.apache.catalina.core.ApplicationFilterChain.doFilter(ApplicationFilterChain.java:153)
		at org.apache.tomcat.websocket.server.WsFilter.doFilter(WsFilter.java:51)
		at org.apache.catalina.core.ApplicationFilterChain.internalDoFilter(ApplicationFilterChain.java:178)
		at org.apache.catalina.core.ApplicationFilterChain.doFilter(ApplicationFilterChain.java:153)
		at com.shirtstore.controller.frontend.CustomerLoginFilter.doFilter(CustomerLoginFilter.java:68)
		at org.apache.catalina.core.ApplicationFilterChain.internalDoFilter(ApplicationFilterChain.java:178)
		at org.apache.catalina.core.ApplicationFilterChain.doFilter(ApplicationFilterChain.java:153)
		at com.shirtstore.controller.frontend.CommonFilter.doFilter(CommonFilter.java:43)
		at org.apache.catalina.core.ApplicationFilterChain.internalDoFilter(ApplicationFilterChain.java:178)
		at org.apache.catalina.core.ApplicationFilterChain.doFilter(ApplicationFilterChain.java:153)
		at org.apache.catalina.core.StandardWrapperValve.invoke(StandardWrapperValve.java:168)
		at org.apache.catalina.core.StandardContextValve.invoke(StandardContextValve.java:90)
		at org.apache.catalina.authenticator.AuthenticatorBase.invoke(AuthenticatorBase.java:481)
		at org.apache.catalina.core.StandardHostValve.invoke(StandardHostValve.java:130)
		at org.apache.catalina.valves.ErrorReportValve.invoke(ErrorReportValve.java:93)
		at org.apache.catalina.valves.AbstractAccessLogValve.invoke(AbstractAccessLogValve.java:670)
		at org.apache.catalina.core.StandardEngineValve.invoke(StandardEngineValve.java:74)
		at org.apache.catalina.connector.CoyoteAdapter.service(CoyoteAdapter.java:346)
		at org.apache.coyote.http11.Http11Processor.service(Http11Processor.java:390)
		at org.apache.coyote.AbstractProcessorLight.process(AbstractProcessorLight.java:63)
		at org.apache.coyote.AbstractProtocol$ConnectionHandler.process(AbstractProtocol.java:928)
		at org.apache.tomcat.util.net.NioEndpoint$SocketProcessor.doRun(NioEndpoint.java:1794)
		at org.apache.tomcat.util.net.SocketProcessorBase.run(SocketProcessorBase.java:52)
		at org.apache.tomcat.util.threads.ThreadPoolExecutor.runWorker(ThreadPoolExecutor.java:1191)
		at org.apache.tomcat.util.threads.ThreadPoolExecutor$Worker.run(ThreadPoolExecutor.java:659)
		at org.apache.tomcat.util.threads.TaskThread$WrappingRunnable.run(TaskThread.java:63)
		at java.base/java.lang.Thread.run(Thread.java:1583)
02-Dec-2024 10:21:51.285 SEVERE [http-nio-9999-exec-7] org.apache.catalina.core.StandardWrapperValve.invoke Servlet.service() for servlet [com.shirtstore.controller.frontend.order.CheckOutServlet] in context with path [/ShirtStoreWebsite] threw exception
	java.lang.NumberFormatException: For input string: "1,53"
		at java.base/jdk.internal.math.FloatingDecimal.readJavaFormatString(FloatingDecimal.java:2054)
		at java.base/jdk.internal.math.FloatingDecimal.parseFloat(FloatingDecimal.java:122)
		at java.base/java.lang.Float.parseFloat(Float.java:556)
		at com.shirtstore.service.OrderServices.showCheckOutForm(OrderServices.java:117)
		at com.shirtstore.controller.frontend.order.CheckOutServlet.doGet(CheckOutServlet.java:26)
		at javax.servlet.http.HttpServlet.service(HttpServlet.java:529)
		at javax.servlet.http.HttpServlet.service(HttpServlet.java:623)
		at org.apache.catalina.core.ApplicationFilterChain.internalDoFilter(ApplicationFilterChain.java:209)
		at org.apache.catalina.core.ApplicationFilterChain.doFilter(ApplicationFilterChain.java:153)
		at org.apache.tomcat.websocket.server.WsFilter.doFilter(WsFilter.java:51)
		at org.apache.catalina.core.ApplicationFilterChain.internalDoFilter(ApplicationFilterChain.java:178)
		at org.apache.catalina.core.ApplicationFilterChain.doFilter(ApplicationFilterChain.java:153)
		at com.shirtstore.controller.frontend.CustomerLoginFilter.doFilter(CustomerLoginFilter.java:68)
		at org.apache.catalina.core.ApplicationFilterChain.internalDoFilter(ApplicationFilterChain.java:178)
		at org.apache.catalina.core.ApplicationFilterChain.doFilter(ApplicationFilterChain.java:153)
		at com.shirtstore.controller.frontend.CommonFilter.doFilter(CommonFilter.java:43)
		at org.apache.catalina.core.ApplicationFilterChain.internalDoFilter(ApplicationFilterChain.java:178)
		at org.apache.catalina.core.ApplicationFilterChain.doFilter(ApplicationFilterChain.java:153)
		at org.apache.catalina.core.StandardWrapperValve.invoke(StandardWrapperValve.java:168)
		at org.apache.catalina.core.StandardContextValve.invoke(StandardContextValve.java:90)
		at org.apache.catalina.authenticator.AuthenticatorBase.invoke(AuthenticatorBase.java:481)
		at org.apache.catalina.core.StandardHostValve.invoke(StandardHostValve.java:130)
		at org.apache.catalina.valves.ErrorReportValve.invoke(ErrorReportValve.java:93)
		at org.apache.catalina.valves.AbstractAccessLogValve.invoke(AbstractAccessLogValve.java:670)
		at org.apache.catalina.core.StandardEngineValve.invoke(StandardEngineValve.java:74)
		at org.apache.catalina.connector.CoyoteAdapter.service(CoyoteAdapter.java:346)
		at org.apache.coyote.http11.Http11Processor.service(Http11Processor.java:390)
		at org.apache.coyote.AbstractProcessorLight.process(AbstractProcessorLight.java:63)
		at org.apache.coyote.AbstractProtocol$ConnectionHandler.process(AbstractProtocol.java:928)
		at org.apache.tomcat.util.net.NioEndpoint$SocketProcessor.doRun(NioEndpoint.java:1794)
		at org.apache.tomcat.util.net.SocketProcessorBase.run(SocketProcessorBase.java:52)
		at org.apache.tomcat.util.threads.ThreadPoolExecutor.runWorker(ThreadPoolExecutor.java:1191)
		at org.apache.tomcat.util.threads.ThreadPoolExecutor$Worker.run(ThreadPoolExecutor.java:659)
		at org.apache.tomcat.util.threads.TaskThread$WrappingRunnable.run(TaskThread.java:63)
		at java.base/java.lang.Thread.run(Thread.java:1583)
02-Dec-2024 10:23:56.780 SEVERE [http-nio-9999-exec-1] org.apache.catalina.core.StandardWrapperValve.invoke Servlet.service() for servlet [com.shirtstore.controller.frontend.order.CheckOutServlet] in context with path [/ShirtStoreWebsite] threw exception
	java.lang.NullPointerException: Cannot invoke "com.shirtstore.controller.frontend.cart.ShoppingCart.getTotalAmount()" because "shoppingCart" is null
		at com.shirtstore.service.OrderServices.showCheckOutForm(OrderServices.java:94)
		at com.shirtstore.controller.frontend.order.CheckOutServlet.doGet(CheckOutServlet.java:26)
		at javax.servlet.http.HttpServlet.service(HttpServlet.java:529)
		at javax.servlet.http.HttpServlet.service(HttpServlet.java:623)
		at org.apache.catalina.core.ApplicationFilterChain.internalDoFilter(ApplicationFilterChain.java:209)
		at org.apache.catalina.core.ApplicationFilterChain.doFilter(ApplicationFilterChain.java:153)
		at org.apache.tomcat.websocket.server.WsFilter.doFilter(WsFilter.java:51)
		at org.apache.catalina.core.ApplicationFilterChain.internalDoFilter(ApplicationFilterChain.java:178)
		at org.apache.catalina.core.ApplicationFilterChain.doFilter(ApplicationFilterChain.java:153)
		at com.shirtstore.controller.frontend.CustomerLoginFilter.doFilter(CustomerLoginFilter.java:68)
		at org.apache.catalina.core.ApplicationFilterChain.internalDoFilter(ApplicationFilterChain.java:178)
		at org.apache.catalina.core.ApplicationFilterChain.doFilter(ApplicationFilterChain.java:153)
		at com.shirtstore.controller.frontend.CommonFilter.doFilter(CommonFilter.java:43)
		at org.apache.catalina.core.ApplicationFilterChain.internalDoFilter(ApplicationFilterChain.java:178)
		at org.apache.catalina.core.ApplicationFilterChain.doFilter(ApplicationFilterChain.java:153)
		at org.apache.catalina.core.StandardWrapperValve.invoke(StandardWrapperValve.java:168)
		at org.apache.catalina.core.StandardContextValve.invoke(StandardContextValve.java:90)
		at org.apache.catalina.authenticator.AuthenticatorBase.invoke(AuthenticatorBase.java:481)
		at org.apache.catalina.core.StandardHostValve.invoke(StandardHostValve.java:130)
		at org.apache.catalina.valves.ErrorReportValve.invoke(ErrorReportValve.java:93)
		at org.apache.catalina.valves.AbstractAccessLogValve.invoke(AbstractAccessLogValve.java:670)
		at org.apache.catalina.core.StandardEngineValve.invoke(StandardEngineValve.java:74)
		at org.apache.catalina.connector.CoyoteAdapter.service(CoyoteAdapter.java:346)
		at org.apache.coyote.http11.Http11Processor.service(Http11Processor.java:390)
		at org.apache.coyote.AbstractProcessorLight.process(AbstractProcessorLight.java:63)
		at org.apache.coyote.AbstractProtocol$ConnectionHandler.process(AbstractProtocol.java:928)
		at org.apache.tomcat.util.net.NioEndpoint$SocketProcessor.doRun(NioEndpoint.java:1794)
		at org.apache.tomcat.util.net.SocketProcessorBase.run(SocketProcessorBase.java:52)
		at org.apache.tomcat.util.threads.ThreadPoolExecutor.runWorker(ThreadPoolExecutor.java:1191)
		at org.apache.tomcat.util.threads.ThreadPoolExecutor$Worker.run(ThreadPoolExecutor.java:659)
		at org.apache.tomcat.util.threads.TaskThread$WrappingRunnable.run(TaskThread.java:63)
		at java.base/java.lang.Thread.run(Thread.java:1583)
02-Dec-2024 10:26:11.401 SEVERE [http-nio-9999-exec-1] org.apache.catalina.core.StandardWrapperValve.invoke Servlet.service() for servlet [com.shirtstore.controller.frontend.order.PlaceOrderServlet] in context with path [/ShirtStoreWebsite] threw exception
	java.lang.ClassCastException: class java.lang.Double cannot be cast to class java.lang.Float (java.lang.Double and java.lang.Float are in module java.base of loader 'bootstrap')
		at com.shirtstore.service.OrderServices.readOrderInfo(OrderServices.java:377)
		at com.shirtstore.service.OrderServices.placeOrder(OrderServices.java:190)
		at com.shirtstore.controller.frontend.order.PlaceOrderServlet.doPost(PlaceOrderServlet.java:25)
		at javax.servlet.http.HttpServlet.service(HttpServlet.java:555)
		at javax.servlet.http.HttpServlet.service(HttpServlet.java:623)
		at org.apache.catalina.core.ApplicationFilterChain.internalDoFilter(ApplicationFilterChain.java:209)
		at org.apache.catalina.core.ApplicationFilterChain.doFilter(ApplicationFilterChain.java:153)
		at org.apache.tomcat.websocket.server.WsFilter.doFilter(WsFilter.java:51)
		at org.apache.catalina.core.ApplicationFilterChain.internalDoFilter(ApplicationFilterChain.java:178)
		at org.apache.catalina.core.ApplicationFilterChain.doFilter(ApplicationFilterChain.java:153)
		at com.shirtstore.controller.frontend.CustomerLoginFilter.doFilter(CustomerLoginFilter.java:68)
		at org.apache.catalina.core.ApplicationFilterChain.internalDoFilter(ApplicationFilterChain.java:178)
		at org.apache.catalina.core.ApplicationFilterChain.doFilter(ApplicationFilterChain.java:153)
		at com.shirtstore.controller.frontend.CommonFilter.doFilter(CommonFilter.java:43)
		at org.apache.catalina.core.ApplicationFilterChain.internalDoFilter(ApplicationFilterChain.java:178)
		at org.apache.catalina.core.ApplicationFilterChain.doFilter(ApplicationFilterChain.java:153)
		at org.apache.catalina.core.StandardWrapperValve.invoke(StandardWrapperValve.java:168)
		at org.apache.catalina.core.StandardContextValve.invoke(StandardContextValve.java:90)
		at org.apache.catalina.authenticator.AuthenticatorBase.invoke(AuthenticatorBase.java:481)
		at org.apache.catalina.core.StandardHostValve.invoke(StandardHostValve.java:130)
		at org.apache.catalina.valves.ErrorReportValve.invoke(ErrorReportValve.java:93)
		at org.apache.catalina.valves.AbstractAccessLogValve.invoke(AbstractAccessLogValve.java:670)
		at org.apache.catalina.core.StandardEngineValve.invoke(StandardEngineValve.java:74)
		at org.apache.catalina.connector.CoyoteAdapter.service(CoyoteAdapter.java:346)
		at org.apache.coyote.http11.Http11Processor.service(Http11Processor.java:390)
		at org.apache.coyote.AbstractProcessorLight.process(AbstractProcessorLight.java:63)
		at org.apache.coyote.AbstractProtocol$ConnectionHandler.process(AbstractProtocol.java:928)
		at org.apache.tomcat.util.net.NioEndpoint$SocketProcessor.doRun(NioEndpoint.java:1794)
		at org.apache.tomcat.util.net.SocketProcessorBase.run(SocketProcessorBase.java:52)
		at org.apache.tomcat.util.threads.ThreadPoolExecutor.runWorker(ThreadPoolExecutor.java:1191)
		at org.apache.tomcat.util.threads.ThreadPoolExecutor$Worker.run(ThreadPoolExecutor.java:659)
		at org.apache.tomcat.util.threads.TaskThread$WrappingRunnable.run(TaskThread.java:63)
		at java.base/java.lang.Thread.run(Thread.java:1583)
02-Dec-2024 10:26:27.715 SEVERE [http-nio-9999-exec-3] org.apache.catalina.core.StandardWrapperValve.invoke Servlet.service() for servlet [com.shirtstore.controller.frontend.order.PlaceOrderServlet] in context with path [/ShirtStoreWebsite] threw exception
	java.lang.ClassCastException: class java.lang.Double cannot be cast to class java.lang.Float (java.lang.Double and java.lang.Float are in module java.base of loader 'bootstrap')
		at com.shirtstore.service.OrderServices.readOrderInfo(OrderServices.java:377)
		at com.shirtstore.service.OrderServices.placeOrder(OrderServices.java:190)
		at com.shirtstore.controller.frontend.order.PlaceOrderServlet.doPost(PlaceOrderServlet.java:25)
		at javax.servlet.http.HttpServlet.service(HttpServlet.java:555)
		at javax.servlet.http.HttpServlet.service(HttpServlet.java:623)
		at org.apache.catalina.core.ApplicationFilterChain.internalDoFilter(ApplicationFilterChain.java:209)
		at org.apache.catalina.core.ApplicationFilterChain.doFilter(ApplicationFilterChain.java:153)
		at org.apache.tomcat.websocket.server.WsFilter.doFilter(WsFilter.java:51)
		at org.apache.catalina.core.ApplicationFilterChain.internalDoFilter(ApplicationFilterChain.java:178)
		at org.apache.catalina.core.ApplicationFilterChain.doFilter(ApplicationFilterChain.java:153)
		at com.shirtstore.controller.frontend.CustomerLoginFilter.doFilter(CustomerLoginFilter.java:68)
		at org.apache.catalina.core.ApplicationFilterChain.internalDoFilter(ApplicationFilterChain.java:178)
		at org.apache.catalina.core.ApplicationFilterChain.doFilter(ApplicationFilterChain.java:153)
		at com.shirtstore.controller.frontend.CommonFilter.doFilter(CommonFilter.java:43)
		at org.apache.catalina.core.ApplicationFilterChain.internalDoFilter(ApplicationFilterChain.java:178)
		at org.apache.catalina.core.ApplicationFilterChain.doFilter(ApplicationFilterChain.java:153)
		at org.apache.catalina.core.StandardWrapperValve.invoke(StandardWrapperValve.java:168)
		at org.apache.catalina.core.StandardContextValve.invoke(StandardContextValve.java:90)
		at org.apache.catalina.authenticator.AuthenticatorBase.invoke(AuthenticatorBase.java:481)
		at org.apache.catalina.core.StandardHostValve.invoke(StandardHostValve.java:130)
		at org.apache.catalina.valves.ErrorReportValve.invoke(ErrorReportValve.java:93)
		at org.apache.catalina.valves.AbstractAccessLogValve.invoke(AbstractAccessLogValve.java:670)
		at org.apache.catalina.core.StandardEngineValve.invoke(StandardEngineValve.java:74)
		at org.apache.catalina.connector.CoyoteAdapter.service(CoyoteAdapter.java:346)
		at org.apache.coyote.http11.Http11Processor.service(Http11Processor.java:390)
		at org.apache.coyote.AbstractProcessorLight.process(AbstractProcessorLight.java:63)
		at org.apache.coyote.AbstractProtocol$ConnectionHandler.process(AbstractProtocol.java:928)
		at org.apache.tomcat.util.net.NioEndpoint$SocketProcessor.doRun(NioEndpoint.java:1794)
		at org.apache.tomcat.util.net.SocketProcessorBase.run(SocketProcessorBase.java:52)
		at org.apache.tomcat.util.threads.ThreadPoolExecutor.runWorker(ThreadPoolExecutor.java:1191)
		at org.apache.tomcat.util.threads.ThreadPoolExecutor$Worker.run(ThreadPoolExecutor.java:659)
		at org.apache.tomcat.util.threads.TaskThread$WrappingRunnable.run(TaskThread.java:63)
		at java.base/java.lang.Thread.run(Thread.java:1583)
02-Dec-2024 10:32:45.054 SEVERE [http-nio-9999-exec-7] org.apache.catalina.core.StandardWrapperValve.invoke Servlet.service() for servlet [com.shirtstore.controller.frontend.order.CheckOutServlet] in context with path [/ShirtStoreWebsite] threw exception
	java.lang.NumberFormatException: For input string: "1,55"
		at java.base/jdk.internal.math.FloatingDecimal.readJavaFormatString(FloatingDecimal.java:2054)
		at java.base/jdk.internal.math.FloatingDecimal.parseFloat(FloatingDecimal.java:122)
		at java.base/java.lang.Float.parseFloat(Float.java:556)
		at com.shirtstore.service.OrderServices.showCheckOutForm(OrderServices.java:117)
		at com.shirtstore.controller.frontend.order.CheckOutServlet.doGet(CheckOutServlet.java:26)
		at javax.servlet.http.HttpServlet.service(HttpServlet.java:529)
		at javax.servlet.http.HttpServlet.service(HttpServlet.java:623)
		at org.apache.catalina.core.ApplicationFilterChain.internalDoFilter(ApplicationFilterChain.java:209)
		at org.apache.catalina.core.ApplicationFilterChain.doFilter(ApplicationFilterChain.java:153)
		at org.apache.tomcat.websocket.server.WsFilter.doFilter(WsFilter.java:51)
		at org.apache.catalina.core.ApplicationFilterChain.internalDoFilter(ApplicationFilterChain.java:178)
		at org.apache.catalina.core.ApplicationFilterChain.doFilter(ApplicationFilterChain.java:153)
		at com.shirtstore.controller.frontend.CustomerLoginFilter.doFilter(CustomerLoginFilter.java:68)
		at org.apache.catalina.core.ApplicationFilterChain.internalDoFilter(ApplicationFilterChain.java:178)
		at org.apache.catalina.core.ApplicationFilterChain.doFilter(ApplicationFilterChain.java:153)
		at com.shirtstore.controller.frontend.CommonFilter.doFilter(CommonFilter.java:43)
		at org.apache.catalina.core.ApplicationFilterChain.internalDoFilter(ApplicationFilterChain.java:178)
		at org.apache.catalina.core.ApplicationFilterChain.doFilter(ApplicationFilterChain.java:153)
		at org.apache.catalina.core.StandardWrapperValve.invoke(StandardWrapperValve.java:168)
		at org.apache.catalina.core.StandardContextValve.invoke(StandardContextValve.java:90)
		at org.apache.catalina.authenticator.AuthenticatorBase.invoke(AuthenticatorBase.java:481)
		at org.apache.catalina.core.StandardHostValve.invoke(StandardHostValve.java:130)
		at org.apache.catalina.valves.ErrorReportValve.invoke(ErrorReportValve.java:93)
		at org.apache.catalina.valves.AbstractAccessLogValve.invoke(AbstractAccessLogValve.java:670)
		at org.apache.catalina.core.StandardEngineValve.invoke(StandardEngineValve.java:74)
		at org.apache.catalina.connector.CoyoteAdapter.service(CoyoteAdapter.java:346)
		at org.apache.coyote.http11.Http11Processor.service(Http11Processor.java:390)
		at org.apache.coyote.AbstractProcessorLight.process(AbstractProcessorLight.java:63)
		at org.apache.coyote.AbstractProtocol$ConnectionHandler.process(AbstractProtocol.java:928)
		at org.apache.tomcat.util.net.NioEndpoint$SocketProcessor.doRun(NioEndpoint.java:1794)
		at org.apache.tomcat.util.net.SocketProcessorBase.run(SocketProcessorBase.java:52)
		at org.apache.tomcat.util.threads.ThreadPoolExecutor.runWorker(ThreadPoolExecutor.java:1191)
		at org.apache.tomcat.util.threads.ThreadPoolExecutor$Worker.run(ThreadPoolExecutor.java:659)
		at org.apache.tomcat.util.threads.TaskThread$WrappingRunnable.run(TaskThread.java:63)
		at java.base/java.lang.Thread.run(Thread.java:1583)
02-Dec-2024 10:34:52.867 SEVERE [http-nio-9999-exec-7] org.apache.catalina.core.StandardWrapperValve.invoke Servlet.service() for servlet [com.shirtstore.controller.frontend.order.CheckOutServlet] in context with path [/ShirtStoreWebsite] threw exception
	java.lang.NumberFormatException: For input string: "1,53"
		at java.base/jdk.internal.math.FloatingDecimal.readJavaFormatString(FloatingDecimal.java:2054)
		at java.base/jdk.internal.math.FloatingDecimal.parseFloat(FloatingDecimal.java:122)
		at java.base/java.lang.Float.parseFloat(Float.java:556)
		at com.shirtstore.service.OrderServices.showCheckOutForm(OrderServices.java:117)
		at com.shirtstore.controller.frontend.order.CheckOutServlet.doGet(CheckOutServlet.java:26)
		at javax.servlet.http.HttpServlet.service(HttpServlet.java:529)
		at javax.servlet.http.HttpServlet.service(HttpServlet.java:623)
		at org.apache.catalina.core.ApplicationFilterChain.internalDoFilter(ApplicationFilterChain.java:209)
		at org.apache.catalina.core.ApplicationFilterChain.doFilter(ApplicationFilterChain.java:153)
		at org.apache.tomcat.websocket.server.WsFilter.doFilter(WsFilter.java:51)
		at org.apache.catalina.core.ApplicationFilterChain.internalDoFilter(ApplicationFilterChain.java:178)
		at org.apache.catalina.core.ApplicationFilterChain.doFilter(ApplicationFilterChain.java:153)
		at com.shirtstore.controller.frontend.CustomerLoginFilter.doFilter(CustomerLoginFilter.java:68)
		at org.apache.catalina.core.ApplicationFilterChain.internalDoFilter(ApplicationFilterChain.java:178)
		at org.apache.catalina.core.ApplicationFilterChain.doFilter(ApplicationFilterChain.java:153)
		at com.shirtstore.controller.frontend.CommonFilter.doFilter(CommonFilter.java:43)
		at org.apache.catalina.core.ApplicationFilterChain.internalDoFilter(ApplicationFilterChain.java:178)
		at org.apache.catalina.core.ApplicationFilterChain.doFilter(ApplicationFilterChain.java:153)
		at org.apache.catalina.core.StandardWrapperValve.invoke(StandardWrapperValve.java:168)
		at org.apache.catalina.core.StandardContextValve.invoke(StandardContextValve.java:90)
		at org.apache.catalina.authenticator.AuthenticatorBase.invoke(AuthenticatorBase.java:481)
		at org.apache.catalina.core.StandardHostValve.invoke(StandardHostValve.java:130)
		at org.apache.catalina.valves.ErrorReportValve.invoke(ErrorReportValve.java:93)
		at org.apache.catalina.valves.AbstractAccessLogValve.invoke(AbstractAccessLogValve.java:670)
		at org.apache.catalina.core.StandardEngineValve.invoke(StandardEngineValve.java:74)
		at org.apache.catalina.connector.CoyoteAdapter.service(CoyoteAdapter.java:346)
		at org.apache.coyote.http11.Http11Processor.service(Http11Processor.java:390)
		at org.apache.coyote.AbstractProcessorLight.process(AbstractProcessorLight.java:63)
		at org.apache.coyote.AbstractProtocol$ConnectionHandler.process(AbstractProtocol.java:928)
		at org.apache.tomcat.util.net.NioEndpoint$SocketProcessor.doRun(NioEndpoint.java:1794)
		at org.apache.tomcat.util.net.SocketProcessorBase.run(SocketProcessorBase.java:52)
		at org.apache.tomcat.util.threads.ThreadPoolExecutor.runWorker(ThreadPoolExecutor.java:1191)
		at org.apache.tomcat.util.threads.ThreadPoolExecutor$Worker.run(ThreadPoolExecutor.java:659)
		at org.apache.tomcat.util.threads.TaskThread$WrappingRunnable.run(TaskThread.java:63)
		at java.base/java.lang.Thread.run(Thread.java:1583)
02-Dec-2024 10:37:13.399 SEVERE [http-nio-9999-exec-7] org.apache.catalina.core.StandardWrapperValve.invoke Servlet.service() for servlet [com.shirtstore.controller.frontend.order.CheckOutServlet] in context with path [/ShirtStoreWebsite] threw exception
	java.lang.NumberFormatException: For input string: "1,53"
		at java.base/jdk.internal.math.FloatingDecimal.readJavaFormatString(FloatingDecimal.java:2054)
		at java.base/jdk.internal.math.FloatingDecimal.parseFloat(FloatingDecimal.java:122)
		at java.base/java.lang.Float.parseFloat(Float.java:556)
		at com.shirtstore.service.OrderServices.showCheckOutForm(OrderServices.java:117)
		at com.shirtstore.controller.frontend.order.CheckOutServlet.doGet(CheckOutServlet.java:26)
		at javax.servlet.http.HttpServlet.service(HttpServlet.java:529)
		at javax.servlet.http.HttpServlet.service(HttpServlet.java:623)
		at org.apache.catalina.core.ApplicationFilterChain.internalDoFilter(ApplicationFilterChain.java:209)
		at org.apache.catalina.core.ApplicationFilterChain.doFilter(ApplicationFilterChain.java:153)
		at org.apache.tomcat.websocket.server.WsFilter.doFilter(WsFilter.java:51)
		at org.apache.catalina.core.ApplicationFilterChain.internalDoFilter(ApplicationFilterChain.java:178)
		at org.apache.catalina.core.ApplicationFilterChain.doFilter(ApplicationFilterChain.java:153)
		at com.shirtstore.controller.frontend.CustomerLoginFilter.doFilter(CustomerLoginFilter.java:68)
		at org.apache.catalina.core.ApplicationFilterChain.internalDoFilter(ApplicationFilterChain.java:178)
		at org.apache.catalina.core.ApplicationFilterChain.doFilter(ApplicationFilterChain.java:153)
		at com.shirtstore.controller.frontend.CommonFilter.doFilter(CommonFilter.java:43)
		at org.apache.catalina.core.ApplicationFilterChain.internalDoFilter(ApplicationFilterChain.java:178)
		at org.apache.catalina.core.ApplicationFilterChain.doFilter(ApplicationFilterChain.java:153)
		at org.apache.catalina.core.StandardWrapperValve.invoke(StandardWrapperValve.java:168)
		at org.apache.catalina.core.StandardContextValve.invoke(StandardContextValve.java:90)
		at org.apache.catalina.authenticator.AuthenticatorBase.invoke(AuthenticatorBase.java:481)
		at org.apache.catalina.core.StandardHostValve.invoke(StandardHostValve.java:130)
		at org.apache.catalina.valves.ErrorReportValve.invoke(ErrorReportValve.java:93)
		at org.apache.catalina.valves.AbstractAccessLogValve.invoke(AbstractAccessLogValve.java:670)
		at org.apache.catalina.core.StandardEngineValve.invoke(StandardEngineValve.java:74)
		at org.apache.catalina.connector.CoyoteAdapter.service(CoyoteAdapter.java:346)
		at org.apache.coyote.http11.Http11Processor.service(Http11Processor.java:390)
		at org.apache.coyote.AbstractProcessorLight.process(AbstractProcessorLight.java:63)
		at org.apache.coyote.AbstractProtocol$ConnectionHandler.process(AbstractProtocol.java:928)
		at org.apache.tomcat.util.net.NioEndpoint$SocketProcessor.doRun(NioEndpoint.java:1794)
		at org.apache.tomcat.util.net.SocketProcessorBase.run(SocketProcessorBase.java:52)
		at org.apache.tomcat.util.threads.ThreadPoolExecutor.runWorker(ThreadPoolExecutor.java:1191)
		at org.apache.tomcat.util.threads.ThreadPoolExecutor$Worker.run(ThreadPoolExecutor.java:659)
		at org.apache.tomcat.util.threads.TaskThread$WrappingRunnable.run(TaskThread.java:63)
		at java.base/java.lang.Thread.run(Thread.java:1583)
02-Dec-2024 10:42:49.196 SEVERE [http-nio-9999-exec-1] org.apache.catalina.core.StandardWrapperValve.invoke Servlet.service() for servlet [com.shirtstore.controller.frontend.order.CheckOutServlet] in context with path [/ShirtStoreWebsite] threw exception
	java.lang.NullPointerException: Cannot invoke "com.shirtstore.controller.frontend.cart.ShoppingCart.getTotalAmount()" because "shoppingCart" is null
		at com.shirtstore.service.OrderServices.showCheckOutForm(OrderServices.java:96)
		at com.shirtstore.controller.frontend.order.CheckOutServlet.doGet(CheckOutServlet.java:26)
		at javax.servlet.http.HttpServlet.service(HttpServlet.java:529)
		at javax.servlet.http.HttpServlet.service(HttpServlet.java:623)
		at org.apache.catalina.core.ApplicationFilterChain.internalDoFilter(ApplicationFilterChain.java:209)
		at org.apache.catalina.core.ApplicationFilterChain.doFilter(ApplicationFilterChain.java:153)
		at org.apache.tomcat.websocket.server.WsFilter.doFilter(WsFilter.java:51)
		at org.apache.catalina.core.ApplicationFilterChain.internalDoFilter(ApplicationFilterChain.java:178)
		at org.apache.catalina.core.ApplicationFilterChain.doFilter(ApplicationFilterChain.java:153)
		at com.shirtstore.controller.frontend.CustomerLoginFilter.doFilter(CustomerLoginFilter.java:68)
		at org.apache.catalina.core.ApplicationFilterChain.internalDoFilter(ApplicationFilterChain.java:178)
		at org.apache.catalina.core.ApplicationFilterChain.doFilter(ApplicationFilterChain.java:153)
		at com.shirtstore.controller.frontend.CommonFilter.doFilter(CommonFilter.java:43)
		at org.apache.catalina.core.ApplicationFilterChain.internalDoFilter(ApplicationFilterChain.java:178)
		at org.apache.catalina.core.ApplicationFilterChain.doFilter(ApplicationFilterChain.java:153)
		at org.apache.catalina.core.StandardWrapperValve.invoke(StandardWrapperValve.java:168)
		at org.apache.catalina.core.StandardContextValve.invoke(StandardContextValve.java:90)
		at org.apache.catalina.authenticator.AuthenticatorBase.invoke(AuthenticatorBase.java:481)
		at org.apache.catalina.core.StandardHostValve.invoke(StandardHostValve.java:130)
		at org.apache.catalina.valves.ErrorReportValve.invoke(ErrorReportValve.java:93)
		at org.apache.catalina.valves.AbstractAccessLogValve.invoke(AbstractAccessLogValve.java:670)
		at org.apache.catalina.core.StandardEngineValve.invoke(StandardEngineValve.java:74)
		at org.apache.catalina.connector.CoyoteAdapter.service(CoyoteAdapter.java:346)
		at org.apache.coyote.http11.Http11Processor.service(Http11Processor.java:390)
		at org.apache.coyote.AbstractProcessorLight.process(AbstractProcessorLight.java:63)
		at org.apache.coyote.AbstractProtocol$ConnectionHandler.process(AbstractProtocol.java:928)
		at org.apache.tomcat.util.net.NioEndpoint$SocketProcessor.doRun(NioEndpoint.java:1794)
		at org.apache.tomcat.util.net.SocketProcessorBase.run(SocketProcessorBase.java:52)
		at org.apache.tomcat.util.threads.ThreadPoolExecutor.runWorker(ThreadPoolExecutor.java:1191)
		at org.apache.tomcat.util.threads.ThreadPoolExecutor$Worker.run(ThreadPoolExecutor.java:659)
		at org.apache.tomcat.util.threads.TaskThread$WrappingRunnable.run(TaskThread.java:63)
		at java.base/java.lang.Thread.run(Thread.java:1583)
02-Dec-2024 10:42:52.749 SEVERE [http-nio-9999-exec-3] org.apache.catalina.core.StandardWrapperValve.invoke Servlet.service() for servlet [com.shirtstore.controller.frontend.order.CheckOutServlet] in context with path [/ShirtStoreWebsite] threw exception
	java.lang.NullPointerException: Cannot invoke "com.shirtstore.controller.frontend.cart.ShoppingCart.getTotalAmount()" because "shoppingCart" is null
		at com.shirtstore.service.OrderServices.showCheckOutForm(OrderServices.java:96)
		at com.shirtstore.controller.frontend.order.CheckOutServlet.doGet(CheckOutServlet.java:26)
		at javax.servlet.http.HttpServlet.service(HttpServlet.java:529)
		at javax.servlet.http.HttpServlet.service(HttpServlet.java:623)
		at org.apache.catalina.core.ApplicationFilterChain.internalDoFilter(ApplicationFilterChain.java:209)
		at org.apache.catalina.core.ApplicationFilterChain.doFilter(ApplicationFilterChain.java:153)
		at org.apache.tomcat.websocket.server.WsFilter.doFilter(WsFilter.java:51)
		at org.apache.catalina.core.ApplicationFilterChain.internalDoFilter(ApplicationFilterChain.java:178)
		at org.apache.catalina.core.ApplicationFilterChain.doFilter(ApplicationFilterChain.java:153)
		at com.shirtstore.controller.frontend.CustomerLoginFilter.doFilter(CustomerLoginFilter.java:68)
		at org.apache.catalina.core.ApplicationFilterChain.internalDoFilter(ApplicationFilterChain.java:178)
		at org.apache.catalina.core.ApplicationFilterChain.doFilter(ApplicationFilterChain.java:153)
		at com.shirtstore.controller.frontend.CommonFilter.doFilter(CommonFilter.java:43)
		at org.apache.catalina.core.ApplicationFilterChain.internalDoFilter(ApplicationFilterChain.java:178)
		at org.apache.catalina.core.ApplicationFilterChain.doFilter(ApplicationFilterChain.java:153)
		at org.apache.catalina.core.StandardWrapperValve.invoke(StandardWrapperValve.java:168)
		at org.apache.catalina.core.StandardContextValve.invoke(StandardContextValve.java:90)
		at org.apache.catalina.authenticator.AuthenticatorBase.invoke(AuthenticatorBase.java:481)
		at org.apache.catalina.core.StandardHostValve.invoke(StandardHostValve.java:130)
		at org.apache.catalina.valves.ErrorReportValve.invoke(ErrorReportValve.java:93)
		at org.apache.catalina.valves.AbstractAccessLogValve.invoke(AbstractAccessLogValve.java:670)
		at org.apache.catalina.core.StandardEngineValve.invoke(StandardEngineValve.java:74)
		at org.apache.catalina.connector.CoyoteAdapter.service(CoyoteAdapter.java:346)
		at org.apache.coyote.http11.Http11Processor.service(Http11Processor.java:390)
		at org.apache.coyote.AbstractProcessorLight.process(AbstractProcessorLight.java:63)
		at org.apache.coyote.AbstractProtocol$ConnectionHandler.process(AbstractProtocol.java:928)
		at org.apache.tomcat.util.net.NioEndpoint$SocketProcessor.doRun(NioEndpoint.java:1794)
		at org.apache.tomcat.util.net.SocketProcessorBase.run(SocketProcessorBase.java:52)
		at org.apache.tomcat.util.threads.ThreadPoolExecutor.runWorker(ThreadPoolExecutor.java:1191)
		at org.apache.tomcat.util.threads.ThreadPoolExecutor$Worker.run(ThreadPoolExecutor.java:659)
		at org.apache.tomcat.util.threads.TaskThread$WrappingRunnable.run(TaskThread.java:63)
		at java.base/java.lang.Thread.run(Thread.java:1583)
02-Dec-2024 10:42:55.764 SEVERE [http-nio-9999-exec-5] org.apache.catalina.core.StandardWrapperValve.invoke Servlet.service() for servlet [com.shirtstore.controller.frontend.order.CheckOutServlet] in context with path [/ShirtStoreWebsite] threw exception
	java.lang.NullPointerException: Cannot invoke "com.shirtstore.controller.frontend.cart.ShoppingCart.getTotalAmount()" because "shoppingCart" is null
		at com.shirtstore.service.OrderServices.showCheckOutForm(OrderServices.java:96)
		at com.shirtstore.controller.frontend.order.CheckOutServlet.doGet(CheckOutServlet.java:26)
		at javax.servlet.http.HttpServlet.service(HttpServlet.java:529)
		at javax.servlet.http.HttpServlet.service(HttpServlet.java:623)
		at org.apache.catalina.core.ApplicationFilterChain.internalDoFilter(ApplicationFilterChain.java:209)
		at org.apache.catalina.core.ApplicationFilterChain.doFilter(ApplicationFilterChain.java:153)
		at org.apache.tomcat.websocket.server.WsFilter.doFilter(WsFilter.java:51)
		at org.apache.catalina.core.ApplicationFilterChain.internalDoFilter(ApplicationFilterChain.java:178)
		at org.apache.catalina.core.ApplicationFilterChain.doFilter(ApplicationFilterChain.java:153)
		at com.shirtstore.controller.frontend.CustomerLoginFilter.doFilter(CustomerLoginFilter.java:68)
		at org.apache.catalina.core.ApplicationFilterChain.internalDoFilter(ApplicationFilterChain.java:178)
		at org.apache.catalina.core.ApplicationFilterChain.doFilter(ApplicationFilterChain.java:153)
		at com.shirtstore.controller.frontend.CommonFilter.doFilter(CommonFilter.java:43)
		at org.apache.catalina.core.ApplicationFilterChain.internalDoFilter(ApplicationFilterChain.java:178)
		at org.apache.catalina.core.ApplicationFilterChain.doFilter(ApplicationFilterChain.java:153)
		at org.apache.catalina.core.StandardWrapperValve.invoke(StandardWrapperValve.java:168)
		at org.apache.catalina.core.StandardContextValve.invoke(StandardContextValve.java:90)
		at org.apache.catalina.authenticator.AuthenticatorBase.invoke(AuthenticatorBase.java:481)
		at org.apache.catalina.core.StandardHostValve.invoke(StandardHostValve.java:130)
		at org.apache.catalina.valves.ErrorReportValve.invoke(ErrorReportValve.java:93)
		at org.apache.catalina.valves.AbstractAccessLogValve.invoke(AbstractAccessLogValve.java:670)
		at org.apache.catalina.core.StandardEngineValve.invoke(StandardEngineValve.java:74)
		at org.apache.catalina.connector.CoyoteAdapter.service(CoyoteAdapter.java:346)
		at org.apache.coyote.http11.Http11Processor.service(Http11Processor.java:390)
		at org.apache.coyote.AbstractProcessorLight.process(AbstractProcessorLight.java:63)
		at org.apache.coyote.AbstractProtocol$ConnectionHandler.process(AbstractProtocol.java:928)
		at org.apache.tomcat.util.net.NioEndpoint$SocketProcessor.doRun(NioEndpoint.java:1794)
		at org.apache.tomcat.util.net.SocketProcessorBase.run(SocketProcessorBase.java:52)
		at org.apache.tomcat.util.threads.ThreadPoolExecutor.runWorker(ThreadPoolExecutor.java:1191)
		at org.apache.tomcat.util.threads.ThreadPoolExecutor$Worker.run(ThreadPoolExecutor.java:659)
		at org.apache.tomcat.util.threads.TaskThread$WrappingRunnable.run(TaskThread.java:63)
		at java.base/java.lang.Thread.run(Thread.java:1583)
02-Dec-2024 10:44:50.152 SEVERE [http-nio-9999-exec-6] org.apache.catalina.core.StandardWrapperValve.invoke Servlet.service() for servlet [com.shirtstore.controller.frontend.order.ExecutePaymentServlet] in context with path [/ShirtStoreWebsite] threw exception [Error in executing payment.Response code: 400	Error response: {"name":"INSTRUMENT_DECLINED","message":"The instrument presented was either declined by the processor or bank, or it can't be used for this payment.","information_link":"https://developer.paypal.com/docs/api/payments/v1/#error-INSTRUMENT_DECLINED","debug_id":"6da4e42931ca3"}] with root cause
	javax.servlet.ServletException: Error in executing payment.Response code: 400	Error response: {"name":"INSTRUMENT_DECLINED","message":"The instrument presented was either declined by the processor or bank, or it can't be used for this payment.","information_link":"https://developer.paypal.com/docs/api/payments/v1/#error-INSTRUMENT_DECLINED","debug_id":"6da4e42931ca3"}
		at com.shirtstore.controller.frontend.order.ExecutePaymentServlet.doPost(ExecutePaymentServlet.java:56)
		at javax.servlet.http.HttpServlet.service(HttpServlet.java:555)
		at javax.servlet.http.HttpServlet.service(HttpServlet.java:623)
		at org.apache.catalina.core.ApplicationFilterChain.internalDoFilter(ApplicationFilterChain.java:209)
		at org.apache.catalina.core.ApplicationFilterChain.doFilter(ApplicationFilterChain.java:153)
		at org.apache.tomcat.websocket.server.WsFilter.doFilter(WsFilter.java:51)
		at org.apache.catalina.core.ApplicationFilterChain.internalDoFilter(ApplicationFilterChain.java:178)
		at org.apache.catalina.core.ApplicationFilterChain.doFilter(ApplicationFilterChain.java:153)
		at com.shirtstore.controller.frontend.CustomerLoginFilter.doFilter(CustomerLoginFilter.java:68)
		at org.apache.catalina.core.ApplicationFilterChain.internalDoFilter(ApplicationFilterChain.java:178)
		at org.apache.catalina.core.ApplicationFilterChain.doFilter(ApplicationFilterChain.java:153)
		at com.shirtstore.controller.frontend.CommonFilter.doFilter(CommonFilter.java:43)
		at org.apache.catalina.core.ApplicationFilterChain.internalDoFilter(ApplicationFilterChain.java:178)
		at org.apache.catalina.core.ApplicationFilterChain.doFilter(ApplicationFilterChain.java:153)
		at org.apache.catalina.core.StandardWrapperValve.invoke(StandardWrapperValve.java:168)
		at org.apache.catalina.core.StandardContextValve.invoke(StandardContextValve.java:90)
		at org.apache.catalina.authenticator.AuthenticatorBase.invoke(AuthenticatorBase.java:481)
		at org.apache.catalina.core.StandardHostValve.invoke(StandardHostValve.java:130)
		at org.apache.catalina.valves.ErrorReportValve.invoke(ErrorReportValve.java:93)
		at org.apache.catalina.valves.AbstractAccessLogValve.invoke(AbstractAccessLogValve.java:670)
		at org.apache.catalina.core.StandardEngineValve.invoke(StandardEngineValve.java:74)
		at org.apache.catalina.connector.CoyoteAdapter.service(CoyoteAdapter.java:346)
		at org.apache.coyote.http11.Http11Processor.service(Http11Processor.java:390)
		at org.apache.coyote.AbstractProcessorLight.process(AbstractProcessorLight.java:63)
		at org.apache.coyote.AbstractProtocol$ConnectionHandler.process(AbstractProtocol.java:928)
		at org.apache.tomcat.util.net.NioEndpoint$SocketProcessor.doRun(NioEndpoint.java:1794)
		at org.apache.tomcat.util.net.SocketProcessorBase.run(SocketProcessorBase.java:52)
		at org.apache.tomcat.util.threads.ThreadPoolExecutor.runWorker(ThreadPoolExecutor.java:1191)
		at org.apache.tomcat.util.threads.ThreadPoolExecutor$Worker.run(ThreadPoolExecutor.java:659)
		at org.apache.tomcat.util.threads.TaskThread$WrappingRunnable.run(TaskThread.java:63)
		at java.base/java.lang.Thread.run(Thread.java:1583)
02-Dec-2024 15:56:38.355 WARNING [Thread-5] org.apache.catalina.session.StandardSession.doWriteObject Cannot serialize session attribute [order4Paypal] for session [E453D3A194B29E95A179516471513711]
	java.io.NotSerializableException: com.shirtstore.entity.Shirt$1
		at java.base/java.io.ObjectOutputStream.writeObject0(ObjectOutputStream.java:1200)
		at java.base/java.io.ObjectOutputStream.writeObject(ObjectOutputStream.java:358)
		at java.base/java.util.TreeSet.writeObject(TreeSet.java:529)
		at java.base/jdk.internal.reflect.DirectMethodHandleAccessor.invoke(DirectMethodHandleAccessor.java:103)
		at java.base/java.lang.reflect.Method.invoke(Method.java:580)
		at java.base/java.io.ObjectStreamClass.invokeWriteObject(ObjectStreamClass.java:1072)
		at java.base/java.io.ObjectOutputStream.writeSerialData(ObjectOutputStream.java:1529)
		at java.base/java.io.ObjectOutputStream.writeOrdinaryObject(ObjectOutputStream.java:1451)
		at java.base/java.io.ObjectOutputStream.writeObject0(ObjectOutputStream.java:1194)
		at java.base/java.io.ObjectOutputStream.defaultWriteFields(ObjectOutputStream.java:1585)
		at java.base/java.io.ObjectOutputStream.writeSerialData(ObjectOutputStream.java:1542)
		at java.base/java.io.ObjectOutputStream.writeOrdinaryObject(ObjectOutputStream.java:1451)
		at java.base/java.io.ObjectOutputStream.writeObject0(ObjectOutputStream.java:1194)
		at java.base/java.io.ObjectOutputStream.defaultWriteFields(ObjectOutputStream.java:1585)
		at java.base/java.io.ObjectOutputStream.writeSerialData(ObjectOutputStream.java:1542)
		at java.base/java.io.ObjectOutputStream.writeOrdinaryObject(ObjectOutputStream.java:1451)
		at java.base/java.io.ObjectOutputStream.writeObject0(ObjectOutputStream.java:1194)
		at java.base/java.io.ObjectOutputStream.defaultWriteFields(ObjectOutputStream.java:1585)
		at java.base/java.io.ObjectOutputStream.writeSerialData(ObjectOutputStream.java:1542)
		at java.base/java.io.ObjectOutputStream.writeOrdinaryObject(ObjectOutputStream.java:1451)
		at java.base/java.io.ObjectOutputStream.writeObject0(ObjectOutputStream.java:1194)
		at java.base/java.io.ObjectOutputStream.defaultWriteFields(ObjectOutputStream.java:1585)
		at java.base/java.io.ObjectOutputStream.writeSerialData(ObjectOutputStream.java:1542)
		at java.base/java.io.ObjectOutputStream.writeOrdinaryObject(ObjectOutputStream.java:1451)
		at java.base/java.io.ObjectOutputStream.writeObject0(ObjectOutputStream.java:1194)
		at java.base/java.io.ObjectOutputStream.writeObject(ObjectOutputStream.java:358)
		at java.base/java.util.HashMap.internalWriteEntries(HashMap.java:1951)
		at java.base/java.util.HashMap.writeObject(HashMap.java:1505)
		at java.base/jdk.internal.reflect.DirectMethodHandleAccessor.invoke(DirectMethodHandleAccessor.java:103)
		at java.base/java.lang.reflect.Method.invoke(Method.java:580)
		at java.base/java.io.ObjectStreamClass.invokeWriteObject(ObjectStreamClass.java:1072)
		at java.base/java.io.ObjectOutputStream.writeSerialData(ObjectOutputStream.java:1529)
		at java.base/java.io.ObjectOutputStream.writeOrdinaryObject(ObjectOutputStream.java:1451)
		at java.base/java.io.ObjectOutputStream.writeObject0(ObjectOutputStream.java:1194)
		at java.base/java.io.ObjectOutputStream.defaultWriteFields(ObjectOutputStream.java:1585)
		at java.base/java.io.ObjectOutputStream.writeSerialData(ObjectOutputStream.java:1542)
		at java.base/java.io.ObjectOutputStream.writeOrdinaryObject(ObjectOutputStream.java:1451)
		at java.base/java.io.ObjectOutputStream.writeObject0(ObjectOutputStream.java:1194)
		at java.base/java.io.ObjectOutputStream.defaultWriteFields(ObjectOutputStream.java:1585)
		at java.base/java.io.ObjectOutputStream.writeSerialData(ObjectOutputStream.java:1542)
		at java.base/java.io.ObjectOutputStream.writeOrdinaryObject(ObjectOutputStream.java:1451)
		at java.base/java.io.ObjectOutputStream.writeObject0(ObjectOutputStream.java:1194)
		at java.base/java.io.ObjectOutputStream.writeObject(ObjectOutputStream.java:358)
		at org.apache.catalina.session.StandardSession.doWriteObject(StandardSession.java:1647)
		at org.apache.catalina.session.StandardSession.writeObjectData(StandardSession.java:1015)
		at org.apache.catalina.session.StandardManager.doUnload(StandardManager.java:307)
		at org.apache.catalina.session.StandardManager.unload(StandardManager.java:259)
		at org.apache.catalina.session.StandardManager.stopInternal(StandardManager.java:374)
		at org.apache.catalina.util.LifecycleBase.stop(LifecycleBase.java:242)
		at org.apache.catalina.core.StandardContext.stopInternal(StandardContext.java:5143)
		at org.apache.catalina.util.LifecycleBase.stop(LifecycleBase.java:242)
		at org.apache.catalina.core.ContainerBase$StopChild.call(ContainerBase.java:1348)
		at org.apache.catalina.core.ContainerBase$StopChild.call(ContainerBase.java:1337)
		at java.base/java.util.concurrent.FutureTask.run(FutureTask.java:317)
		at org.apache.tomcat.util.threads.InlineExecutorService.execute(InlineExecutorService.java:75)
		at java.base/java.util.concurrent.AbstractExecutorService.submit(AbstractExecutorService.java:145)
		at org.apache.catalina.core.ContainerBase.stopInternal(ContainerBase.java:931)
		at org.apache.catalina.util.LifecycleBase.stop(LifecycleBase.java:242)
		at org.apache.catalina.core.ContainerBase$StopChild.call(ContainerBase.java:1348)
		at org.apache.catalina.core.ContainerBase$StopChild.call(ContainerBase.java:1337)
		at java.base/java.util.concurrent.FutureTask.run(FutureTask.java:317)
		at org.apache.tomcat.util.threads.InlineExecutorService.execute(InlineExecutorService.java:75)
		at java.base/java.util.concurrent.AbstractExecutorService.submit(AbstractExecutorService.java:145)
		at org.apache.catalina.core.ContainerBase.stopInternal(ContainerBase.java:931)
		at org.apache.catalina.util.LifecycleBase.stop(LifecycleBase.java:242)
		at org.apache.catalina.core.StandardService.stopInternal(StandardService.java:496)
		at org.apache.catalina.util.LifecycleBase.stop(LifecycleBase.java:242)
		at org.apache.catalina.core.StandardServer.stopInternal(StandardServer.java:978)
		at org.apache.catalina.util.LifecycleBase.stop(LifecycleBase.java:242)
		at org.apache.catalina.startup.Catalina.stop(Catalina.java:810)
		at org.apache.catalina.startup.Catalina$CatalinaShutdownHook.run(Catalina.java:955)
02-Dec-2024 15:56:46.925 WARNING [main] org.apache.catalina.session.StandardSession.doReadObject Cannot deserialize session attribute [order4Paypal] for session [E453D3A194B29E95A179516471513711]
02-Dec-2024 15:56:52.127 SEVERE [http-nio-9999-exec-1] org.apache.catalina.core.StandardWrapperValve.invoke Servlet.service() for servlet [com.shirtstore.controller.admin.warehouse.StockCheckServlet] in context with path [/ShirtStoreWebsite] threw exception
	java.lang.NullPointerException: Cannot invoke "javax.servlet.http.HttpSession.getAttribute(String)" because "session" is null
		at com.shirtstore.controller.admin.AdminLoginFilter.doFilter(AdminLoginFilter.java:40)
		at org.apache.catalina.core.ApplicationFilterChain.internalDoFilter(ApplicationFilterChain.java:178)
		at org.apache.catalina.core.ApplicationFilterChain.doFilter(ApplicationFilterChain.java:153)
		at org.apache.catalina.core.StandardWrapperValve.invoke(StandardWrapperValve.java:168)
		at org.apache.catalina.core.StandardContextValve.invoke(StandardContextValve.java:90)
		at org.apache.catalina.authenticator.AuthenticatorBase.invoke(AuthenticatorBase.java:481)
		at org.apache.catalina.core.StandardHostValve.invoke(StandardHostValve.java:130)
		at org.apache.catalina.valves.ErrorReportValve.invoke(ErrorReportValve.java:93)
		at org.apache.catalina.valves.AbstractAccessLogValve.invoke(AbstractAccessLogValve.java:670)
		at org.apache.catalina.core.StandardEngineValve.invoke(StandardEngineValve.java:74)
		at org.apache.catalina.connector.CoyoteAdapter.service(CoyoteAdapter.java:346)
		at org.apache.coyote.http11.Http11Processor.service(Http11Processor.java:390)
		at org.apache.coyote.AbstractProcessorLight.process(AbstractProcessorLight.java:63)
		at org.apache.coyote.AbstractProtocol$ConnectionHandler.process(AbstractProtocol.java:928)
		at org.apache.tomcat.util.net.NioEndpoint$SocketProcessor.doRun(NioEndpoint.java:1794)
		at org.apache.tomcat.util.net.SocketProcessorBase.run(SocketProcessorBase.java:52)
		at org.apache.tomcat.util.threads.ThreadPoolExecutor.runWorker(ThreadPoolExecutor.java:1191)
		at org.apache.tomcat.util.threads.ThreadPoolExecutor$Worker.run(ThreadPoolExecutor.java:659)
		at org.apache.tomcat.util.threads.TaskThread$WrappingRunnable.run(TaskThread.java:63)
		at java.base/java.lang.Thread.run(Thread.java:1583)
